2023-09-14 18:39:35,678 - p88158: root - [DEBUG]: (None, PCA(n_components=20, random_state=42), DecisionTreeClassifier(random_state=42), {'criterion': 'entropy', 'max_depth': 10}, 0.6614335147795748, 0.8359375, 0.671392021720969)
2023-09-14 18:39:38,763 - p88158: root - [DEBUG]: (None, PCA(n_components=20, random_state=42), AdaBoostClassifier(random_state=42), {'estimator': RandomForestClassifier(random_state=42), 'n_estimators': 10}, 0.6293226711243134, 0.83125, 0.6946097883597884)
2023-09-14 18:39:46,068 - p88158: root - [DEBUG]: (None, PCA(n_components=20, random_state=42), RandomForestClassifier(random_state=42), {'criterion': 'entropy', 'max_depth': 15}, 0.6633068217630071, 0.8359375, 0.7247807017543859)
2023-09-14 18:40:29,986 - p88158: root - [DEBUG]: (None, PCA(n_components=20, random_state=42), BaggingClassifier(random_state=42), {'estimator': DecisionTreeClassifier(random_state=42), 'n_estimators': 50}, 0.6309103819894065, 0.8375, 0.699865984405458)
2023-09-14 18:40:37,347 - p88158: root - [DEBUG]: (None, PCA(n_components=20, random_state=42), GradientBoostingClassifier(random_state=42), {'max_depth': 10, 'n_estimators': 25}, 0.7024655410488625, 0.8484375, 0.7361981342244501)
2023-09-14 18:40:38,176 - p88158: root - [DEBUG]: (None, PCA(n_components=20, random_state=42), KNeighborsClassifier(), {'n_neighbors': 20}, 0.6786384779422008, 0.840625, 0.7126061681982734)
2023-09-14 18:40:39,199 - p88158: root - [DEBUG]: (None, PCA(n_components=10, random_state=42), DecisionTreeClassifier(random_state=42), {'criterion': 'entropy', 'max_depth': 10}, 0.6927153156528998, 0.8515625, 0.728339947089947)
2023-09-14 18:40:41,943 - p88158: root - [DEBUG]: (None, PCA(n_components=10, random_state=42), AdaBoostClassifier(random_state=42), {'estimator': RandomForestClassifier(random_state=42), 'n_estimators': 10}, 0.6862246513975435, 0.8421875, 0.7645937761069341)
2023-09-14 18:40:48,394 - p88158: root - [DEBUG]: (None, PCA(n_components=10, random_state=42), RandomForestClassifier(random_state=42), {'criterion': 'entropy', 'max_depth': 15}, 0.706986925373174, 0.8484375, 0.7732003620161515)
2023-09-14 18:41:21,541 - p88158: root - [DEBUG]: (None, PCA(n_components=10, random_state=42), BaggingClassifier(random_state=42), {'estimator': DecisionTreeClassifier(random_state=42), 'n_estimators': 50}, 0.6860097240834506, 0.846875, 0.7696237120579226)
2023-09-14 18:41:26,205 - p88158: root - [DEBUG]: (None, PCA(n_components=10, random_state=42), GradientBoostingClassifier(random_state=42), {'max_depth': 10, 'n_estimators': 50}, 0.7236980050657895, 0.8546875, 0.7930242272347536)
2023-09-14 18:41:26,482 - p88158: root - [DEBUG]: (None, PCA(n_components=10, random_state=42), KNeighborsClassifier(), {'n_neighbors': 5}, 0.6869737364704288, 0.84375, 0.7505308409913674)
2023-09-14 18:41:26,849 - p88158: root - [DEBUG]: (None, PCA(n_components=5, random_state=42), DecisionTreeClassifier(random_state=42), {'criterion': 'gini', 'max_depth': 10}, 0.7062560019772391, 0.84375, 0.6589042049568365)
2023-09-14 18:41:28,708 - p88158: root - [DEBUG]: (None, PCA(n_components=5, random_state=42), AdaBoostClassifier(random_state=42), {'estimator': RandomForestClassifier(random_state=42), 'n_estimators': 10}, 0.7222776783031002, 0.8515625, 0.7613478139793929)
2023-09-14 18:41:33,661 - p88158: root - [DEBUG]: (None, PCA(n_components=5, random_state=42), RandomForestClassifier(random_state=42), {'criterion': 'entropy', 'max_depth': 10}, 0.7492828787432838, 0.8484375, 0.7743490671122251)
2023-09-14 18:41:58,668 - p88158: root - [DEBUG]: (None, PCA(n_components=5, random_state=42), BaggingClassifier(random_state=42), {'estimator': DecisionTreeClassifier(random_state=42), 'n_estimators': 50}, 0.7278805262981889, 0.8484375, 0.7803884711779449)
2023-09-14 18:42:01,494 - p88158: root - [DEBUG]: (None, PCA(n_components=5, random_state=42), GradientBoostingClassifier(random_state=42), {'max_depth': 10, 'n_estimators': 50}, 0.7494166772416184, 0.8453125, 0.7671261487050961)
2023-09-14 18:42:01,722 - p88158: root - [DEBUG]: (None, PCA(n_components=5, random_state=42), KNeighborsClassifier(), {'n_neighbors': 5}, 0.7379823937571686, 0.8453125, 0.7524105402394876)
2023-09-14 18:42:02,467 - p88158: root - [DEBUG]: (None, KernelPCA(kernel='rbf', n_components=5, n_jobs=8, random_state=42), DecisionTreeClassifier(random_state=42), {'criterion': 'gini', 'max_depth': 15}, 0.6707654192209882, 0.8328125, 0.6452067669172932)
2023-09-14 18:42:05,043 - p88158: root - [DEBUG]: (None, KernelPCA(kernel='rbf', n_components=5, n_jobs=8, random_state=42), AdaBoostClassifier(random_state=42), {'estimator': RandomForestClassifier(random_state=42), 'n_estimators': 10}, 0.77208183440312, 0.8625, 0.7613130047340575)
2023-09-14 18:42:10,628 - p88158: root - [DEBUG]: (None, KernelPCA(kernel='rbf', n_components=5, n_jobs=8, random_state=42), RandomForestClassifier(random_state=42), {'criterion': 'entropy', 'max_depth': 15}, 0.7858323523542944, 0.859375, 0.7752715121136173)
2023-09-14 18:42:49,632 - p88158: root - [DEBUG]: (None, KernelPCA(kernel='rbf', n_components=5, n_jobs=8, random_state=42), BaggingClassifier(random_state=42), {'estimator': RandomForestClassifier(random_state=42), 'n_estimators': 50}, 0.7788506387160169, 0.859375, 0.7506352687273741)
2023-09-14 18:42:52,574 - p88158: root - [DEBUG]: (None, KernelPCA(kernel='rbf', n_components=5, n_jobs=8, random_state=42), GradientBoostingClassifier(random_state=42), {'max_depth': 10, 'n_estimators': 50}, 0.7548372868150615, 0.853125, 0.7068365357839042)
2023-09-14 18:42:53,189 - p88158: root - [DEBUG]: (None, KernelPCA(kernel='rbf', n_components=5, n_jobs=8, random_state=42), KNeighborsClassifier(), {'n_neighbors': 5}, 0.7641093137753198, 0.8546875, 0.7587023113338902)
2023-09-14 18:42:55,437 - p88158: root - [DEBUG]: (None, KernelPCA(kernel='rbf', n_components=10, n_jobs=8, random_state=42), DecisionTreeClassifier(random_state=42), {'criterion': 'entropy', 'max_depth': 10}, 0.6795257735383478, 0.846875, 0.6689553745474799)
2023-09-14 18:42:59,772 - p88158: root - [DEBUG]: (None, KernelPCA(kernel='rbf', n_components=10, n_jobs=8, random_state=42), AdaBoostClassifier(random_state=42), {'estimator': RandomForestClassifier(random_state=42), 'n_estimators': 10}, 0.7891748335192531, 0.8578125, 0.775689223057644)
2023-09-14 18:43:08,137 - p88158: root - [DEBUG]: (None, KernelPCA(kernel='rbf', n_components=10, n_jobs=8, random_state=42), RandomForestClassifier(random_state=42), {'criterion': 'entropy', 'max_depth': None}, 0.8026548127546986, 0.8671875, 0.7884642160957951)
2023-09-14 18:44:02,564 - p88158: root - [DEBUG]: (None, KernelPCA(kernel='rbf', n_components=10, n_jobs=8, random_state=42), BaggingClassifier(random_state=42), {'estimator': RandomForestClassifier(random_state=42), 'n_estimators': 50}, 0.7867407847876604, 0.8609375, 0.7723214285714286)
2023-09-14 18:44:08,596 - p88158: root - [DEBUG]: (None, KernelPCA(kernel='rbf', n_components=10, n_jobs=8, random_state=42), GradientBoostingClassifier(random_state=42), {'max_depth': 10, 'n_estimators': 50}, 0.7650025452967819, 0.8546875, 0.7537071846282373)
2023-09-14 18:44:10,507 - p88158: root - [DEBUG]: (None, KernelPCA(kernel='rbf', n_components=10, n_jobs=8, random_state=42), KNeighborsClassifier(), {'n_neighbors': 5}, 0.7712230736811707, 0.8625, 0.7718340991367307)
2023-09-14 18:44:11,190 - p88158: root - [DEBUG]: (None, KernelPCA(kernel='poly', n_components=5, n_jobs=8, random_state=42), DecisionTreeClassifier(random_state=42), {'criterion': 'entropy', 'max_depth': 15}, 0.7213395875037953, 0.8546875, 0.681869604566973)
2023-09-14 18:44:13,472 - p88158: root - [DEBUG]: (None, KernelPCA(kernel='poly', n_components=5, n_jobs=8, random_state=42), AdaBoostClassifier(random_state=42), {'estimator': RandomForestClassifier(random_state=42), 'n_estimators': 10}, 0.8181874069708753, 0.878125, 0.7969141604010025)
2023-09-14 18:44:18,859 - p88158: root - [DEBUG]: (None, KernelPCA(kernel='poly', n_components=5, n_jobs=8, random_state=42), RandomForestClassifier(random_state=42), {'criterion': 'entropy', 'max_depth': 15}, 0.8312542865096614, 0.88125, 0.8020572263993316)
2023-09-14 18:44:55,801 - p88158: root - [DEBUG]: (None, KernelPCA(kernel='poly', n_components=5, n_jobs=8, random_state=42), BaggingClassifier(random_state=42), {'estimator': RandomForestClassifier(random_state=42), 'n_estimators': 50}, 0.8133605230293661, 0.8734375, 0.7928501810080757)
2023-09-14 18:44:58,567 - p88158: root - [DEBUG]: (None, KernelPCA(kernel='poly', n_components=5, n_jobs=8, random_state=42), GradientBoostingClassifier(random_state=42), {'max_depth': 10, 'n_estimators': 50}, 0.812222714907936, 0.8640625, 0.7940772069061542)
2023-09-14 18:44:59,096 - p88158: root - [DEBUG]: (None, KernelPCA(kernel='poly', n_components=5, n_jobs=8, random_state=42), KNeighborsClassifier(), {'n_neighbors': 5}, 0.7916794197263712, 0.8640625, 0.7942512531328323)
2023-09-14 18:45:01,189 - p88158: root - [DEBUG]: (None, KernelPCA(kernel='poly', n_components=10, n_jobs=8, random_state=42), DecisionTreeClassifier(random_state=42), {'criterion': 'entropy', 'max_depth': 15}, 0.7373680665688235, 0.859375, 0.7452224310776943)
2023-09-14 18:45:05,181 - p88158: root - [DEBUG]: (None, KernelPCA(kernel='poly', n_components=10, n_jobs=8, random_state=42), AdaBoostClassifier(random_state=42), {'estimator': RandomForestClassifier(random_state=42), 'n_estimators': 10}, 0.8103309756173724, 0.878125, 0.7848875661375663)
2023-09-14 18:45:13,265 - p88158: root - [DEBUG]: (None, KernelPCA(kernel='poly', n_components=10, n_jobs=8, random_state=42), RandomForestClassifier(random_state=42), {'criterion': 'entropy', 'max_depth': 15}, 0.821987430977677, 0.878125, 0.8048593706488444)
2023-09-14 18:46:03,996 - p88158: root - [DEBUG]: (None, KernelPCA(kernel='poly', n_components=10, n_jobs=8, random_state=42), BaggingClassifier(random_state=42), {'estimator': RandomForestClassifier(random_state=42), 'n_estimators': 50}, 0.8046580866711979, 0.86875, 0.7846700083542189)
2023-09-14 18:46:10,172 - p88158: root - [DEBUG]: (None, KernelPCA(kernel='poly', n_components=10, n_jobs=8, random_state=42), GradientBoostingClassifier(random_state=42), {'max_depth': 10, 'n_estimators': 50}, 0.8037109970861855, 0.8703125, 0.7776037315511)
2023-09-14 18:46:11,997 - p88158: root - [DEBUG]: (None, KernelPCA(kernel='poly', n_components=10, n_jobs=8, random_state=42), KNeighborsClassifier(), {'n_neighbors': 5}, 0.7759073592141715, 0.859375, 0.7645328599275968)
2023-09-14 18:46:14,369 - p88158: root - [DEBUG]: (None, LocallyLinearEmbedding(n_components=10, n_jobs=8, n_neighbors=40,
                       random_state=42), DecisionTreeClassifier(random_state=42), {'criterion': 'entropy', 'max_depth': 15}, 0.6389250602440056, 0.8296875, 0.6862207602339181)
2023-09-14 18:46:20,441 - p88158: root - [DEBUG]: (None, LocallyLinearEmbedding(n_components=10, n_jobs=8, n_neighbors=40,
                       random_state=42), AdaBoostClassifier(random_state=42), {'estimator': RandomForestClassifier(random_state=42), 'n_estimators': 10}, 0.7321828490005396, 0.859375, 0.7466931216931217)
2023-09-14 18:46:29,496 - p88158: root - [DEBUG]: (None, LocallyLinearEmbedding(n_components=10, n_jobs=8, n_neighbors=40,
                       random_state=42), RandomForestClassifier(random_state=42), {'criterion': 'entropy', 'max_depth': 15}, 0.7457740711925688, 0.8578125, 0.7491645781119465)
2023-09-14 18:47:23,361 - p88158: root - [DEBUG]: (None, LocallyLinearEmbedding(n_components=10, n_jobs=8, n_neighbors=40,
                       random_state=42), BaggingClassifier(random_state=42), {'estimator': RandomForestClassifier(random_state=42), 'n_estimators': 50}, 0.7392867953510962, 0.8515625, 0.7382605820105821)
2023-09-14 18:47:28,754 - p88158: root - [DEBUG]: (None, LocallyLinearEmbedding(n_components=10, n_jobs=8, n_neighbors=40,
                       random_state=42), GradientBoostingClassifier(random_state=42), {'max_depth': 5, 'n_estimators': 50}, 0.7133900356713611, 0.8515625, 0.7074195906432749)
2023-09-14 18:47:30,829 - p88158: root - [DEBUG]: (None, LocallyLinearEmbedding(n_components=10, n_jobs=8, n_neighbors=40,
                       random_state=42), KNeighborsClassifier(), {'n_neighbors': 5}, 0.6743117265474698, 0.84375, 0.728975215817321)
2023-09-14 18:47:32,498 - p88158: root - [DEBUG]: (None, LocallyLinearEmbedding(n_components=5, n_jobs=8, n_neighbors=40,
                       random_state=42), DecisionTreeClassifier(random_state=42), {'criterion': 'entropy', 'max_depth': 15}, 0.6321955413788453, 0.8328125, 0.6864383180172655)
2023-09-14 18:47:35,716 - p88158: root - [DEBUG]: (None, LocallyLinearEmbedding(n_components=5, n_jobs=8, n_neighbors=40,
                       random_state=42), AdaBoostClassifier(random_state=42), {'estimator': RandomForestClassifier(random_state=42), 'n_estimators': 10}, 0.6811533744505176, 0.840625, 0.731994917850181)
2023-09-14 18:47:41,803 - p88158: root - [DEBUG]: (None, LocallyLinearEmbedding(n_components=5, n_jobs=8, n_neighbors=40,
                       random_state=42), RandomForestClassifier(random_state=42), {'criterion': 'gini', 'max_depth': 10}, 0.6953752528853008, 0.84375, 0.7141116680590365)
2023-09-14 18:48:23,460 - p88158: root - [DEBUG]: (None, LocallyLinearEmbedding(n_components=5, n_jobs=8, n_neighbors=40,
                       random_state=42), BaggingClassifier(random_state=42), {'estimator': RandomForestClassifier(random_state=42), 'n_estimators': 50}, 0.6890069369469328, 0.853125, 0.728192007797271)
2023-09-14 18:48:26,811 - p88158: root - [DEBUG]: (None, LocallyLinearEmbedding(n_components=5, n_jobs=8, n_neighbors=40,
                       random_state=42), GradientBoostingClassifier(random_state=42), {'max_depth': 10, 'n_estimators': 25}, 0.6780566483005777, 0.8484375, 0.6984910192147034)
2023-09-14 18:48:28,272 - p88158: root - [DEBUG]: (None, LocallyLinearEmbedding(n_components=5, n_jobs=8, n_neighbors=40,
                       random_state=42), KNeighborsClassifier(), {'n_neighbors': 20}, 0.6443411506034809, 0.8390625, 0.7020937761069341)
2023-09-14 18:48:29,423 - p88158: root - [DEBUG]: (SMOTE(random_state=42, sampling_strategy=0.5), PCA(n_components=20, random_state=42), DecisionTreeClassifier(random_state=42), {'criterion': 'entropy', 'max_depth': None}, 0.7357389858946501, 0.7859375, 0.6240253411306044)
2023-09-14 18:48:35,313 - p88158: root - [DEBUG]: (SMOTE(random_state=42, sampling_strategy=0.5), PCA(n_components=20, random_state=42), AdaBoostClassifier(random_state=42), {'estimator': RandomForestClassifier(random_state=42), 'n_estimators': 10}, 0.8940902594287332, 0.83125, 0.7014672096908938)
2023-09-14 18:48:48,228 - p88158: root - [DEBUG]: (SMOTE(random_state=42, sampling_strategy=0.5), PCA(n_components=20, random_state=42), RandomForestClassifier(random_state=42), {'criterion': 'entropy', 'max_depth': None}, 0.9051836533837259, 0.8421875, 0.7380691311612365)
2023-09-14 18:50:46,924 - p88158: root - [DEBUG]: (SMOTE(random_state=42, sampling_strategy=0.5), PCA(n_components=20, random_state=42), BaggingClassifier(random_state=42), {'estimator': RandomForestClassifier(random_state=42), 'n_estimators': 50}, 0.8766670122115435, 0.828125, 0.6704695767195767)
2023-09-14 18:50:57,787 - p88158: root - [DEBUG]: (SMOTE(random_state=42, sampling_strategy=0.5), PCA(n_components=20, random_state=42), GradientBoostingClassifier(random_state=42), {'max_depth': 10, 'n_estimators': 50}, 0.9038097170595372, 0.8375, 0.7227791701475912)
2023-09-14 18:50:58,092 - p88158: root - [DEBUG]: (SMOTE(random_state=42, sampling_strategy=0.5), PCA(n_components=20, random_state=42), KNeighborsClassifier(), {'n_neighbors': 5}, 0.9244673084701013, 0.8453125, 0.6848893065998329)
2023-09-14 18:50:58,843 - p88158: root - [DEBUG]: (SMOTE(random_state=42, sampling_strategy=0.5), PCA(n_components=10, random_state=42), DecisionTreeClassifier(random_state=42), {'criterion': 'entropy', 'max_depth': 15}, 0.7654211613859949, 0.8265625, 0.7127628098022835)
2023-09-14 18:51:03,275 - p88158: root - [DEBUG]: (SMOTE(random_state=42, sampling_strategy=0.5), PCA(n_components=10, random_state=42), AdaBoostClassifier(random_state=42), {'estimator': RandomForestClassifier(random_state=42), 'n_estimators': 10}, 0.8844446679171846, 0.85, 0.7290796435533275)
2023-09-14 18:51:13,450 - p88158: root - [DEBUG]: (SMOTE(random_state=42, sampling_strategy=0.5), PCA(n_components=10, random_state=42), RandomForestClassifier(random_state=42), {'criterion': 'entropy', 'max_depth': None}, 0.8956629619240859, 0.8484375, 0.7415761626287942)
2023-09-14 18:52:10,998 - p88158: root - [DEBUG]: (SMOTE(random_state=42, sampling_strategy=0.5), PCA(n_components=10, random_state=42), BaggingClassifier(random_state=42), {'estimator': DecisionTreeClassifier(random_state=42), 'n_estimators': 50}, 0.8811206479540109, 0.840625, 0.71953320802005)
2023-09-14 18:52:17,055 - p88158: root - [DEBUG]: (SMOTE(random_state=42, sampling_strategy=0.5), PCA(n_components=10, random_state=42), GradientBoostingClassifier(random_state=42), {'max_depth': 10, 'n_estimators': 50}, 0.8930991104415001, 0.84375, 0.7587371205792259)
2023-09-14 18:52:17,446 - p88158: root - [DEBUG]: (SMOTE(random_state=42, sampling_strategy=0.5), PCA(n_components=10, random_state=42), KNeighborsClassifier(), {'n_neighbors': 5}, 0.896830345574967, 0.8390625, 0.7441781537176275)
2023-09-14 18:52:18,022 - p88158: root - [DEBUG]: (SMOTE(random_state=42, sampling_strategy=0.5), PCA(n_components=5, random_state=42), DecisionTreeClassifier(random_state=42), {'criterion': 'gini', 'max_depth': 15}, 0.7628852888861587, 0.8125, 0.6228853383458647)
2023-09-14 18:52:22,291 - p88158: root - [DEBUG]: (SMOTE(random_state=42, sampling_strategy=0.5), PCA(n_components=5, random_state=42), AdaBoostClassifier(random_state=42), {'estimator': RandomForestClassifier(random_state=42), 'n_estimators': 10}, 0.8741549046248437, 0.8421875, 0.7833733639654692)
2023-09-14 18:52:29,475 - p88158: root - [DEBUG]: (SMOTE(random_state=42, sampling_strategy=0.5), PCA(n_components=5, random_state=42), RandomForestClassifier(random_state=42), {'criterion': 'entropy', 'max_depth': None}, 0.8748011684749855, 0.8453125, 0.7934767474241158)
2023-09-14 18:53:08,531 - p88158: root - [DEBUG]: (SMOTE(random_state=42, sampling_strategy=0.5), PCA(n_components=5, random_state=42), BaggingClassifier(random_state=42), {'estimator': DecisionTreeClassifier(random_state=42), 'n_estimators': 50}, 0.868600529939855, 0.8296875, 0.7906833054859371)
2023-09-14 18:53:12,258 - p88158: root - [DEBUG]: (SMOTE(random_state=42, sampling_strategy=0.5), PCA(n_components=5, random_state=42), GradientBoostingClassifier(random_state=42), {'max_depth': 10, 'n_estimators': 50}, 0.8665931640483906, 0.8375, 0.7792397660818714)
2023-09-14 18:53:12,464 - p88158: root - [DEBUG]: (SMOTE(random_state=42, sampling_strategy=0.5), PCA(n_components=5, random_state=42), KNeighborsClassifier(), {'n_neighbors': 5}, 0.859893184494862, 0.8203125, 0.7796661793372319)
2023-09-14 18:53:13,413 - p88158: root - [DEBUG]: (SMOTE(random_state=42, sampling_strategy=0.5), KernelPCA(kernel='rbf', n_components=5, n_jobs=8, random_state=42), DecisionTreeClassifier(random_state=42), {'criterion': 'entropy', 'max_depth': 15}, 0.8239641577980279, 0.8609375, 0.7474937343358395)
2023-09-14 18:53:17,155 - p88158: root - [DEBUG]: (SMOTE(random_state=42, sampling_strategy=0.5), KernelPCA(kernel='rbf', n_components=5, n_jobs=8, random_state=42), AdaBoostClassifier(random_state=42), {'estimator': RandomForestClassifier(random_state=42), 'n_estimators': 10}, 0.9008130200159897, 0.8546875, 0.7506700779727096)
2023-09-14 18:53:24,067 - p88158: root - [DEBUG]: (SMOTE(random_state=42, sampling_strategy=0.5), KernelPCA(kernel='rbf', n_components=5, n_jobs=8, random_state=42), RandomForestClassifier(random_state=42), {'criterion': 'gini', 'max_depth': None}, 0.9018661065096765, 0.8515625, 0.7534461152882206)
2023-09-14 18:54:16,000 - p88158: root - [DEBUG]: (SMOTE(random_state=42, sampling_strategy=0.5), KernelPCA(kernel='rbf', n_components=5, n_jobs=8, random_state=42), BaggingClassifier(random_state=42), {'estimator': RandomForestClassifier(random_state=42), 'n_estimators': 50}, 0.8985142900848387, 0.85625, 0.7477722082985241)
2023-09-14 18:54:19,539 - p88158: root - [DEBUG]: (SMOTE(random_state=42, sampling_strategy=0.5), KernelPCA(kernel='rbf', n_components=5, n_jobs=8, random_state=42), GradientBoostingClassifier(random_state=42), {'max_depth': 10, 'n_estimators': 50}, 0.8853865942385033, 0.840625, 0.7492254942912837)
2023-09-14 18:54:20,189 - p88158: root - [DEBUG]: (SMOTE(random_state=42, sampling_strategy=0.5), KernelPCA(kernel='rbf', n_components=5, n_jobs=8, random_state=42), KNeighborsClassifier(), {'n_neighbors': 5}, 0.8946205346275231, 0.85625, 0.7444914369256475)
2023-09-14 18:54:23,376 - p88158: root - [DEBUG]: (SMOTE(random_state=42, sampling_strategy=0.5), KernelPCA(kernel='rbf', n_components=10, n_jobs=8, random_state=42), DecisionTreeClassifier(random_state=42), {'criterion': 'entropy', 'max_depth': 15}, 0.8284437483030078, 0.828125, 0.6241819827346142)
2023-09-14 18:54:30,258 - p88158: root - [DEBUG]: (SMOTE(random_state=42, sampling_strategy=0.5), KernelPCA(kernel='rbf', n_components=10, n_jobs=8, random_state=42), AdaBoostClassifier(random_state=42), {'estimator': RandomForestClassifier(random_state=42), 'n_estimators': 10}, 0.9186209001589605, 0.85, 0.743342731829574)
2023-09-14 18:54:42,423 - p88158: root - [DEBUG]: (SMOTE(random_state=42, sampling_strategy=0.5), KernelPCA(kernel='rbf', n_components=10, n_jobs=8, random_state=42), RandomForestClassifier(random_state=42), {'criterion': 'entropy', 'max_depth': None}, 0.9168324084473038, 0.853125, 0.7570749791144529)
2023-09-14 18:55:53,559 - p88158: root - [DEBUG]: (SMOTE(random_state=42, sampling_strategy=0.5), KernelPCA(kernel='rbf', n_components=10, n_jobs=8, random_state=42), BaggingClassifier(random_state=42), {'estimator': RandomForestClassifier(random_state=42), 'n_estimators': 50}, 0.9139423303091491, 0.840625, 0.7429685324422166)
2023-09-14 18:56:01,817 - p88158: root - [DEBUG]: (SMOTE(random_state=42, sampling_strategy=0.5), KernelPCA(kernel='rbf', n_components=10, n_jobs=8, random_state=42), GradientBoostingClassifier(random_state=42), {'max_depth': 10, 'n_estimators': 50}, 0.9046902208891652, 0.8375, 0.7230750487329436)
2023-09-14 18:56:04,773 - p88158: root - [DEBUG]: (SMOTE(random_state=42, sampling_strategy=0.5), KernelPCA(kernel='rbf', n_components=10, n_jobs=8, random_state=42), KNeighborsClassifier(), {'n_neighbors': 5}, 0.8968722269228557, 0.8625, 0.7662124060150376)
2023-09-14 18:56:05,757 - p88158: root - [DEBUG]: (SMOTE(random_state=42, sampling_strategy=0.5), KernelPCA(kernel='poly', n_components=5, n_jobs=8, random_state=42), DecisionTreeClassifier(random_state=42), {'criterion': 'gini', 'max_depth': 15}, 0.823453787451958, 0.815625, 0.7108483013088276)
2023-09-14 18:56:08,717 - p88158: root - [DEBUG]: (SMOTE(random_state=42, sampling_strategy=0.5), KernelPCA(kernel='poly', n_components=5, n_jobs=8, random_state=42), AdaBoostClassifier(random_state=42), {'estimator': RandomForestClassifier(random_state=42), 'n_estimators': 10}, 0.8983679849283233, 0.846875, 0.79916805903648)
2023-09-14 18:56:16,254 - p88158: root - [DEBUG]: (SMOTE(random_state=42, sampling_strategy=0.5), KernelPCA(kernel='poly', n_components=5, n_jobs=8, random_state=42), RandomForestClassifier(random_state=42), {'criterion': 'entropy', 'max_depth': None}, 0.8983624396608313, 0.840625, 0.8028317321080478)
2023-09-14 18:56:50,149 - p88158: root - [DEBUG]: (SMOTE(random_state=42, sampling_strategy=0.5), KernelPCA(kernel='poly', n_components=5, n_jobs=8, random_state=42), BaggingClassifier(random_state=42), {'estimator': DecisionTreeClassifier(random_state=42), 'n_estimators': 50}, 0.8949827021335397, 0.840625, 0.796087440824283)
2023-09-14 18:56:54,099 - p88158: root - [DEBUG]: (SMOTE(random_state=42, sampling_strategy=0.5), KernelPCA(kernel='poly', n_components=5, n_jobs=8, random_state=42), GradientBoostingClassifier(random_state=42), {'max_depth': 10, 'n_estimators': 50}, 0.879985261660892, 0.846875, 0.7701893622946254)
2023-09-14 18:56:54,901 - p88158: root - [DEBUG]: (SMOTE(random_state=42, sampling_strategy=0.5), KernelPCA(kernel='poly', n_components=5, n_jobs=8, random_state=42), KNeighborsClassifier(), {'n_neighbors': 5}, 0.8390723619409999, 0.809375, 0.7659861459203565)
2023-09-14 18:56:58,444 - p88158: root - [DEBUG]: (SMOTE(random_state=42, sampling_strategy=0.5), KernelPCA(kernel='poly', n_components=10, n_jobs=8, random_state=42), DecisionTreeClassifier(random_state=42), {'criterion': 'entropy', 'max_depth': 15}, 0.8051884705606407, 0.8265625, 0.7138418964076858)
2023-09-14 18:57:04,438 - p88158: root - [DEBUG]: (SMOTE(random_state=42, sampling_strategy=0.5), KernelPCA(kernel='poly', n_components=10, n_jobs=8, random_state=42), AdaBoostClassifier(random_state=42), {'estimator': RandomForestClassifier(random_state=42), 'n_estimators': 10}, 0.9095981655566787, 0.865625, 0.8170687134502924)
2023-09-14 18:57:16,666 - p88158: root - [DEBUG]: (SMOTE(random_state=42, sampling_strategy=0.5), KernelPCA(kernel='poly', n_components=10, n_jobs=8, random_state=42), RandomForestClassifier(random_state=42), {'criterion': 'entropy', 'max_depth': None}, 0.9078267434561568, 0.865625, 0.8152499303815093)
2023-09-14 18:58:03,705 - p88158: root - [DEBUG]: (SMOTE(random_state=42, sampling_strategy=0.5), KernelPCA(kernel='poly', n_components=10, n_jobs=8, random_state=42), BaggingClassifier(random_state=42), {'estimator': DecisionTreeClassifier(random_state=42), 'n_estimators': 50}, 0.8995540393290984, 0.859375, 0.7892735310498469)
2023-09-14 18:58:12,307 - p88158: root - [DEBUG]: (SMOTE(random_state=42, sampling_strategy=0.5), KernelPCA(kernel='poly', n_components=10, n_jobs=8, random_state=42), GradientBoostingClassifier(random_state=42), {'max_depth': 10, 'n_estimators': 50}, 0.8872175241329152, 0.8578125, 0.7857490949596213)
2023-09-14 18:58:15,390 - p88158: root - [DEBUG]: (SMOTE(random_state=42, sampling_strategy=0.5), KernelPCA(kernel='poly', n_components=10, n_jobs=8, random_state=42), KNeighborsClassifier(), {'n_neighbors': 5}, 0.8487088502592958, 0.8265625, 0.7937552213868003)
2023-09-14 18:58:19,196 - p88158: root - [DEBUG]: (SMOTE(random_state=42, sampling_strategy=0.5), LocallyLinearEmbedding(n_components=10, n_jobs=8, n_neighbors=40,
                       random_state=42), DecisionTreeClassifier(random_state=42), {'criterion': 'entropy', 'max_depth': 15}, 0.79964101856453, 0.8109375, 0.5825414230019493)
2023-09-14 18:58:26,811 - p88158: root - [DEBUG]: (SMOTE(random_state=42, sampling_strategy=0.5), LocallyLinearEmbedding(n_components=10, n_jobs=8, n_neighbors=40,
                       random_state=42), AdaBoostClassifier(random_state=42), {'estimator': RandomForestClassifier(random_state=42), 'n_estimators': 10}, 0.9237522793913684, 0.828125, 0.5860745614035088)
2023-09-14 18:58:40,385 - p88158: root - [DEBUG]: (SMOTE(random_state=42, sampling_strategy=0.5), LocallyLinearEmbedding(n_components=10, n_jobs=8, n_neighbors=40,
                       random_state=42), RandomForestClassifier(random_state=42), {'criterion': 'entropy', 'max_depth': None}, 0.9270859027255332, 0.828125, 0.6003376496797549)
2023-09-14 19:00:09,025 - p88158: root - [DEBUG]: (SMOTE(random_state=42, sampling_strategy=0.5), LocallyLinearEmbedding(n_components=10, n_jobs=8, n_neighbors=40,
                       random_state=42), BaggingClassifier(random_state=42), {'estimator': RandomForestClassifier(random_state=42), 'n_estimators': 50}, 0.9200146903664705, 0.8234375, 0.5858570036201615)
2023-09-14 19:00:17,784 - p88158: root - [DEBUG]: (SMOTE(random_state=42, sampling_strategy=0.5), LocallyLinearEmbedding(n_components=10, n_jobs=8, n_neighbors=40,
                       random_state=42), GradientBoostingClassifier(random_state=42), {'max_depth': 10, 'n_estimators': 50}, 0.9129418975524144, 0.815625, 0.6238774018379282)
2023-09-14 19:00:21,120 - p88158: root - [DEBUG]: (SMOTE(random_state=42, sampling_strategy=0.5), LocallyLinearEmbedding(n_components=10, n_jobs=8, n_neighbors=40,
                       random_state=42), KNeighborsClassifier(), {'n_neighbors': 5}, 0.8968931132331115, 0.8296875, 0.5539978418267892)
2023-09-14 19:00:22,430 - p88158: root - [DEBUG]: (SMOTE(random_state=42, sampling_strategy=0.5), LocallyLinearEmbedding(n_components=5, n_jobs=8, n_neighbors=40,
                       random_state=42), DecisionTreeClassifier(random_state=42), {'criterion': 'entropy', 'max_depth': 15}, 0.7796077772574422, 0.784375, 0.6136869952659425)
2023-09-14 19:00:26,647 - p88158: root - [DEBUG]: (SMOTE(random_state=42, sampling_strategy=0.5), LocallyLinearEmbedding(n_components=5, n_jobs=8, n_neighbors=40,
                       random_state=42), AdaBoostClassifier(random_state=42), {'estimator': RandomForestClassifier(random_state=42), 'n_estimators': 10}, 0.8753876653786955, 0.8140625, 0.5801221804511278)
2023-09-14 19:00:34,333 - p88158: root - [DEBUG]: (SMOTE(random_state=42, sampling_strategy=0.5), LocallyLinearEmbedding(n_components=5, n_jobs=8, n_neighbors=40,
                       random_state=42), RandomForestClassifier(random_state=42), {'criterion': 'entropy', 'max_depth': None}, 0.8806455357595648, 0.81875, 0.5832115009746588)
2023-09-14 19:01:21,581 - p88158: root - [DEBUG]: (SMOTE(random_state=42, sampling_strategy=0.5), LocallyLinearEmbedding(n_components=5, n_jobs=8, n_neighbors=40,
                       random_state=42), BaggingClassifier(random_state=42), {'estimator': RandomForestClassifier(random_state=42), 'n_estimators': 25}, 0.8782150227182608, 0.8171875, 0.5753446115288221)
2023-09-14 19:01:25,755 - p88158: root - [DEBUG]: (SMOTE(random_state=42, sampling_strategy=0.5), LocallyLinearEmbedding(n_components=5, n_jobs=8, n_neighbors=40,
                       random_state=42), GradientBoostingClassifier(random_state=42), {'max_depth': 10, 'n_estimators': 50}, 0.8463754298975801, 0.8078125, 0.599850320245057)
2023-09-14 19:01:26,858 - p88158: root - [DEBUG]: (SMOTE(random_state=42, sampling_strategy=0.5), LocallyLinearEmbedding(n_components=5, n_jobs=8, n_neighbors=40,
                       random_state=42), KNeighborsClassifier(), {'n_neighbors': 5}, 0.8541184400139843, 0.7953125, 0.5815928710665553)
2023-09-14 19:01:28,453 - p88158: root - [DEBUG]: (ADASYN(random_state=42, sampling_strategy=0.5), PCA(n_components=20, random_state=42), DecisionTreeClassifier(random_state=42), {'criterion': 'entropy', 'max_depth': None}, 0.7644134422081768, 0.7828125, 0.5963171818434977)
2023-09-14 19:01:34,914 - p88158: root - [DEBUG]: (ADASYN(random_state=42, sampling_strategy=0.5), PCA(n_components=20, random_state=42), AdaBoostClassifier(random_state=42), {'estimator': RandomForestClassifier(random_state=42), 'n_estimators': 10}, 0.902691094766217, 0.8296875, 0.6777273043720413)
2023-09-14 19:01:48,878 - p88158: root - [DEBUG]: (ADASYN(random_state=42, sampling_strategy=0.5), PCA(n_components=20, random_state=42), RandomForestClassifier(random_state=42), {'criterion': 'entropy', 'max_depth': None}, 0.9147162367991664, 0.8390625, 0.6990044555834031)
2023-09-14 19:03:52,106 - p88158: root - [DEBUG]: (ADASYN(random_state=42, sampling_strategy=0.5), PCA(n_components=20, random_state=42), BaggingClassifier(random_state=42), {'estimator': RandomForestClassifier(random_state=42), 'n_estimators': 50}, 0.8865726397084449, 0.8234375, 0.6491750208855471)
2023-09-14 19:04:02,804 - p88158: root - [DEBUG]: (ADASYN(random_state=42, sampling_strategy=0.5), PCA(n_components=20, random_state=42), GradientBoostingClassifier(random_state=42), {'max_depth': 10, 'n_estimators': 50}, 0.9167783707123294, 0.8390625, 0.72921888053467)
2023-09-14 19:04:03,199 - p88158: root - [DEBUG]: (ADASYN(random_state=42, sampling_strategy=0.5), PCA(n_components=20, random_state=42), KNeighborsClassifier(), {'n_neighbors': 5}, 0.9299371593892491, 0.8515625, 0.7245196324143692)
2023-09-14 19:04:03,961 - p88158: root - [DEBUG]: (ADASYN(random_state=42, sampling_strategy=0.5), PCA(n_components=10, random_state=42), DecisionTreeClassifier(random_state=42), {'criterion': 'entropy', 'max_depth': 15}, 0.7696993375614591, 0.7875, 0.6566938178780284)
2023-09-14 19:04:07,958 - p88158: root - [DEBUG]: (ADASYN(random_state=42, sampling_strategy=0.5), PCA(n_components=10, random_state=42), AdaBoostClassifier(random_state=42), {'estimator': RandomForestClassifier(random_state=42), 'n_estimators': 10}, 0.8902502384802865, 0.8546875, 0.7191764132553607)
2023-09-14 19:04:17,869 - p88158: root - [DEBUG]: (ADASYN(random_state=42, sampling_strategy=0.5), PCA(n_components=10, random_state=42), RandomForestClassifier(random_state=42), {'criterion': 'entropy', 'max_depth': None}, 0.8975968205844364, 0.8609375, 0.747310985797828)
2023-09-14 19:05:13,680 - p88158: root - [DEBUG]: (ADASYN(random_state=42, sampling_strategy=0.5), PCA(n_components=10, random_state=42), BaggingClassifier(random_state=42), {'estimator': DecisionTreeClassifier(random_state=42), 'n_estimators': 50}, 0.8804875393296502, 0.8515625, 0.7158521303258145)
2023-09-14 19:05:19,796 - p88158: root - [DEBUG]: (ADASYN(random_state=42, sampling_strategy=0.5), PCA(n_components=10, random_state=42), GradientBoostingClassifier(random_state=42), {'max_depth': 10, 'n_estimators': 50}, 0.8932062387166566, 0.853125, 0.7487120579225842)
2023-09-14 19:05:20,214 - p88158: root - [DEBUG]: (ADASYN(random_state=42, sampling_strategy=0.5), PCA(n_components=10, random_state=42), KNeighborsClassifier(), {'n_neighbors': 5}, 0.8901698847938215, 0.8234375, 0.6923819966583125)
2023-09-14 19:05:20,694 - p88158: root - [DEBUG]: (ADASYN(random_state=42, sampling_strategy=0.5), PCA(n_components=5, random_state=42), DecisionTreeClassifier(random_state=42), {'criterion': 'entropy', 'max_depth': 15}, 0.7553566350582301, 0.8296875, 0.6975511695906433)
2023-09-14 19:05:23,670 - p88158: root - [DEBUG]: (ADASYN(random_state=42, sampling_strategy=0.5), PCA(n_components=5, random_state=42), AdaBoostClassifier(random_state=42), {'estimator': RandomForestClassifier(random_state=42), 'n_estimators': 10}, 0.8682206753665241, 0.8375, 0.7786480089111667)
2023-09-14 19:05:30,574 - p88158: root - [DEBUG]: (ADASYN(random_state=42, sampling_strategy=0.5), PCA(n_components=5, random_state=42), RandomForestClassifier(random_state=42), {'criterion': 'gini', 'max_depth': None}, 0.8712165087450812, 0.8421875, 0.7768640350877193)
2023-09-14 19:06:08,787 - p88158: root - [DEBUG]: (ADASYN(random_state=42, sampling_strategy=0.5), PCA(n_components=5, random_state=42), BaggingClassifier(random_state=42), {'estimator': DecisionTreeClassifier(random_state=42), 'n_estimators': 50}, 0.8681412695713625, 0.8484375, 0.7839129072681703)
2023-09-14 19:06:12,890 - p88158: root - [DEBUG]: (ADASYN(random_state=42, sampling_strategy=0.5), PCA(n_components=5, random_state=42), GradientBoostingClassifier(random_state=42), {'max_depth': 10, 'n_estimators': 50}, 0.8509450886326608, 0.8453125, 0.783164508493456)
2023-09-14 19:06:13,170 - p88158: root - [DEBUG]: (ADASYN(random_state=42, sampling_strategy=0.5), PCA(n_components=5, random_state=42), KNeighborsClassifier(), {'n_neighbors': 5}, 0.8371927246327525, 0.8078125, 0.7529935950988583)
2023-09-14 19:06:14,209 - p88158: root - [DEBUG]: (ADASYN(random_state=42, sampling_strategy=0.5), KernelPCA(kernel='rbf', n_components=5, n_jobs=8, random_state=42), DecisionTreeClassifier(random_state=42), {'criterion': 'entropy', 'max_depth': 15}, 0.8344350411054391, 0.8375, 0.6679981203007519)
2023-09-14 19:06:17,385 - p88158: root - [DEBUG]: (ADASYN(random_state=42, sampling_strategy=0.5), KernelPCA(kernel='rbf', n_components=5, n_jobs=8, random_state=42), AdaBoostClassifier(random_state=42), {'estimator': RandomForestClassifier(random_state=42), 'n_estimators': 10}, 0.9077421325624784, 0.853125, 0.7601207880813144)
2023-09-14 19:06:24,022 - p88158: root - [DEBUG]: (ADASYN(random_state=42, sampling_strategy=0.5), KernelPCA(kernel='rbf', n_components=5, n_jobs=8, random_state=42), RandomForestClassifier(random_state=42), {'criterion': 'gini', 'max_depth': 15}, 0.9102769000336466, 0.85625, 0.7548819966583125)
2023-09-14 19:07:13,445 - p88158: root - [DEBUG]: (ADASYN(random_state=42, sampling_strategy=0.5), KernelPCA(kernel='rbf', n_components=5, n_jobs=8, random_state=42), BaggingClassifier(random_state=42), {'estimator': RandomForestClassifier(random_state=42), 'n_estimators': 50}, 0.9075890348512858, 0.8515625, 0.7494865636313004)
2023-09-14 19:07:16,777 - p88158: root - [DEBUG]: (ADASYN(random_state=42, sampling_strategy=0.5), KernelPCA(kernel='rbf', n_components=5, n_jobs=8, random_state=42), GradientBoostingClassifier(random_state=42), {'max_depth': 5, 'n_estimators': 50}, 0.8941609075637145, 0.8375, 0.7066972988025619)
2023-09-14 19:07:17,666 - p88158: root - [DEBUG]: (ADASYN(random_state=42, sampling_strategy=0.5), KernelPCA(kernel='rbf', n_components=5, n_jobs=8, random_state=42), KNeighborsClassifier(), {'n_neighbors': 5}, 0.9002053740371849, 0.865625, 0.7490862573099415)
2023-09-14 19:07:21,117 - p88158: root - [DEBUG]: (ADASYN(random_state=42, sampling_strategy=0.5), KernelPCA(kernel='rbf', n_components=10, n_jobs=8, random_state=42), DecisionTreeClassifier(random_state=42), {'criterion': 'entropy', 'max_depth': 15}, 0.8387573410322368, 0.828125, 0.6525080061264272)
2023-09-14 19:07:27,175 - p88158: root - [DEBUG]: (ADASYN(random_state=42, sampling_strategy=0.5), KernelPCA(kernel='rbf', n_components=10, n_jobs=8, random_state=42), AdaBoostClassifier(random_state=42), {'estimator': RandomForestClassifier(random_state=42), 'n_estimators': 10}, 0.9265036438340635, 0.8515625, 0.7455879281537175)
2023-09-14 19:07:38,510 - p88158: root - [DEBUG]: (ADASYN(random_state=42, sampling_strategy=0.5), KernelPCA(kernel='rbf', n_components=10, n_jobs=8, random_state=42), RandomForestClassifier(random_state=42), {'criterion': 'entropy', 'max_depth': None}, 0.9299099117351597, 0.8515625, 0.76411514898357)
2023-09-14 19:08:49,255 - p88158: root - [DEBUG]: (ADASYN(random_state=42, sampling_strategy=0.5), KernelPCA(kernel='rbf', n_components=10, n_jobs=8, random_state=42), BaggingClassifier(random_state=42), {'estimator': RandomForestClassifier(random_state=42), 'n_estimators': 50}, 0.9241987219144991, 0.8484375, 0.7447873155109997)
2023-09-14 19:08:56,896 - p88158: root - [DEBUG]: (ADASYN(random_state=42, sampling_strategy=0.5), KernelPCA(kernel='rbf', n_components=10, n_jobs=8, random_state=42), GradientBoostingClassifier(random_state=42), {'max_depth': 5, 'n_estimators': 50}, 0.9144041007755584, 0.8359375, 0.7326127819548871)
2023-09-14 19:08:59,959 - p88158: root - [DEBUG]: (ADASYN(random_state=42, sampling_strategy=0.5), KernelPCA(kernel='rbf', n_components=10, n_jobs=8, random_state=42), KNeighborsClassifier(), {'n_neighbors': 5}, 0.9079570892259973, 0.859375, 0.7557348231690337)
2023-09-14 19:09:01,005 - p88158: root - [DEBUG]: (ADASYN(random_state=42, sampling_strategy=0.5), KernelPCA(kernel='poly', n_components=5, n_jobs=8, random_state=42), DecisionTreeClassifier(random_state=42), {'criterion': 'entropy', 'max_depth': 15}, 0.7892411080921697, 0.8375, 0.7163046505151769)
2023-09-14 19:09:03,998 - p88158: root - [DEBUG]: (ADASYN(random_state=42, sampling_strategy=0.5), KernelPCA(kernel='poly', n_components=5, n_jobs=8, random_state=42), AdaBoostClassifier(random_state=42), {'estimator': RandomForestClassifier(random_state=42), 'n_estimators': 10}, 0.8826921246633839, 0.8515625, 0.8238304093567252)
2023-09-14 19:09:11,155 - p88158: root - [DEBUG]: (ADASYN(random_state=42, sampling_strategy=0.5), KernelPCA(kernel='poly', n_components=5, n_jobs=8, random_state=42), RandomForestClassifier(random_state=42), {'criterion': 'entropy', 'max_depth': None}, 0.8853123735994182, 0.8515625, 0.828529657477026)
2023-09-14 19:10:00,387 - p88158: root - [DEBUG]: (ADASYN(random_state=42, sampling_strategy=0.5), KernelPCA(kernel='poly', n_components=5, n_jobs=8, random_state=42), BaggingClassifier(random_state=42), {'estimator': RandomForestClassifier(random_state=42), 'n_estimators': 50}, 0.8805647382023108, 0.8515625, 0.8128916040100251)
2023-09-14 19:10:04,014 - p88158: root - [DEBUG]: (ADASYN(random_state=42, sampling_strategy=0.5), KernelPCA(kernel='poly', n_components=5, n_jobs=8, random_state=42), GradientBoostingClassifier(random_state=42), {'max_depth': 10, 'n_estimators': 50}, 0.8655880001302446, 0.85, 0.7950083542188805)
2023-09-14 19:10:04,779 - p88158: root - [DEBUG]: (ADASYN(random_state=42, sampling_strategy=0.5), KernelPCA(kernel='poly', n_components=5, n_jobs=8, random_state=42), KNeighborsClassifier(), {'n_neighbors': 5}, 0.8289147947019387, 0.8234375, 0.7829121414647731)
2023-09-14 19:10:08,228 - p88158: root - [DEBUG]: (ADASYN(random_state=42, sampling_strategy=0.5), KernelPCA(kernel='poly', n_components=10, n_jobs=8, random_state=42), DecisionTreeClassifier(random_state=42), {'criterion': 'gini', 'max_depth': 15}, 0.8043582209069123, 0.8109375, 0.6877871762740184)
2023-09-14 19:10:14,185 - p88158: root - [DEBUG]: (ADASYN(random_state=42, sampling_strategy=0.5), KernelPCA(kernel='poly', n_components=10, n_jobs=8, random_state=42), AdaBoostClassifier(random_state=42), {'estimator': RandomForestClassifier(random_state=42), 'n_estimators': 10}, 0.9067689352141619, 0.8515625, 0.8058688387635755)
2023-09-14 19:10:25,580 - p88158: root - [DEBUG]: (ADASYN(random_state=42, sampling_strategy=0.5), KernelPCA(kernel='poly', n_components=10, n_jobs=8, random_state=42), RandomForestClassifier(random_state=42), {'criterion': 'gini', 'max_depth': None}, 0.9081385464943097, 0.8546875, 0.813056947925369)
2023-09-14 19:11:12,415 - p88158: root - [DEBUG]: (ADASYN(random_state=42, sampling_strategy=0.5), KernelPCA(kernel='poly', n_components=10, n_jobs=8, random_state=42), BaggingClassifier(random_state=42), {'estimator': DecisionTreeClassifier(random_state=42), 'n_estimators': 50}, 0.9077347062079646, 0.8390625, 0.7852269562795879)
2023-09-14 19:11:21,112 - p88158: root - [DEBUG]: (ADASYN(random_state=42, sampling_strategy=0.5), KernelPCA(kernel='poly', n_components=10, n_jobs=8, random_state=42), GradientBoostingClassifier(random_state=42), {'max_depth': 10, 'n_estimators': 50}, 0.8931321150638741, 0.8390625, 0.7726434140907825)
2023-09-14 19:11:24,188 - p88158: root - [DEBUG]: (ADASYN(random_state=42, sampling_strategy=0.5), KernelPCA(kernel='poly', n_components=10, n_jobs=8, random_state=42), KNeighborsClassifier(), {'n_neighbors': 5}, 0.8537952771858481, 0.809375, 0.7779692286271234)
2023-09-14 19:11:27,908 - p88158: root - [DEBUG]: (ADASYN(random_state=42, sampling_strategy=0.5), LocallyLinearEmbedding(n_components=10, n_jobs=8, n_neighbors=40,
                       random_state=42), DecisionTreeClassifier(random_state=42), {'criterion': 'entropy', 'max_depth': 15}, 0.8030890378662076, 0.7734375, 0.5342522974101922)
2023-09-14 19:11:35,066 - p88158: root - [DEBUG]: (ADASYN(random_state=42, sampling_strategy=0.5), LocallyLinearEmbedding(n_components=10, n_jobs=8, n_neighbors=40,
                       random_state=42), AdaBoostClassifier(random_state=42), {'estimator': RandomForestClassifier(random_state=42), 'n_estimators': 10}, 0.9335414786863143, 0.80625, 0.5704800194931774)
2023-09-14 19:11:47,937 - p88158: root - [DEBUG]: (ADASYN(random_state=42, sampling_strategy=0.5), LocallyLinearEmbedding(n_components=10, n_jobs=8, n_neighbors=40,
                       random_state=42), RandomForestClassifier(random_state=42), {'criterion': 'entropy', 'max_depth': None}, 0.9348893873559018, 0.809375, 0.5930886243386243)
2023-09-14 19:21:04,784 - p88158: root - [DEBUG]: (ADASYN(random_state=42, sampling_strategy=0.5), LocallyLinearEmbedding(n_components=10, n_jobs=8, n_neighbors=40,
                       random_state=42), BaggingClassifier(random_state=42), {'estimator': RandomForestClassifier(random_state=42), 'n_estimators': 50}, 0.9290233994083519, 0.8, 0.584473336118073)
2023-09-14 19:21:12,852 - p88158: root - [DEBUG]: (ADASYN(random_state=42, sampling_strategy=0.5), LocallyLinearEmbedding(n_components=10, n_jobs=8, n_neighbors=40,
                       random_state=42), GradientBoostingClassifier(random_state=42), {'max_depth': 10, 'n_estimators': 50}, 0.9215827806982316, 0.809375, 0.5929319827346143)
2023-09-14 19:21:15,977 - p88158: root - [DEBUG]: (ADASYN(random_state=42, sampling_strategy=0.5), LocallyLinearEmbedding(n_components=10, n_jobs=8, n_neighbors=40,
                       random_state=42), KNeighborsClassifier(), {'n_neighbors': 5}, 0.9038093411914245, 0.8109375, 0.5168476747424116)
2023-09-14 19:21:17,150 - p88158: root - [DEBUG]: (ADASYN(random_state=42, sampling_strategy=0.5), LocallyLinearEmbedding(n_components=5, n_jobs=8, n_neighbors=40,
                       random_state=42), DecisionTreeClassifier(random_state=42), {'criterion': 'entropy', 'max_depth': 15}, 0.7908998985780424, 0.765625, 0.48135964912280704)
2023-09-14 19:21:20,289 - p88158: root - [DEBUG]: (ADASYN(random_state=42, sampling_strategy=0.5), LocallyLinearEmbedding(n_components=5, n_jobs=8, n_neighbors=40,
                       random_state=42), AdaBoostClassifier(random_state=42), {'estimator': RandomForestClassifier(random_state=42), 'n_estimators': 10}, 0.9060207257760107, 0.778125, 0.5569131161236425)
2023-09-14 19:21:26,693 - p88158: root - [DEBUG]: (ADASYN(random_state=42, sampling_strategy=0.5), LocallyLinearEmbedding(n_components=5, n_jobs=8, n_neighbors=40,
                       random_state=42), RandomForestClassifier(random_state=42), {'criterion': 'entropy', 'max_depth': None}, 0.9044590012891804, 0.784375, 0.5798001949317738)
2023-09-14 19:22:07,465 - p88158: root - [DEBUG]: (ADASYN(random_state=42, sampling_strategy=0.5), LocallyLinearEmbedding(n_components=5, n_jobs=8, n_neighbors=40,
                       random_state=42), BaggingClassifier(random_state=42), {'estimator': RandomForestClassifier(random_state=42), 'n_estimators': 25}, 0.9017635240331447, 0.775, 0.5867446393762183)
2023-09-14 19:22:11,311 - p88158: root - [DEBUG]: (ADASYN(random_state=42, sampling_strategy=0.5), LocallyLinearEmbedding(n_components=5, n_jobs=8, n_neighbors=40,
                       random_state=42), GradientBoostingClassifier(random_state=42), {'max_depth': 10, 'n_estimators': 50}, 0.8791075012451625, 0.7796875, 0.563613895850738)
2023-09-14 19:22:12,379 - p88158: root - [DEBUG]: (ADASYN(random_state=42, sampling_strategy=0.5), LocallyLinearEmbedding(n_components=5, n_jobs=8, n_neighbors=40,
                       random_state=42), KNeighborsClassifier(), {'n_neighbors': 5}, 0.8660583785270057, 0.771875, 0.5533277638540797)
2023-09-14 19:22:12,799 - p88158: root - [DEBUG]: (RandomUnderSampler(random_state=42), PCA(n_components=20, random_state=42), DecisionTreeClassifier(random_state=42), {'criterion': 'entropy', 'max_depth': 10}, 0.6158016448779396, 0.65, 0.6669886521860205)
2023-09-14 19:22:13,754 - p88158: root - [DEBUG]: (RandomUnderSampler(random_state=42), PCA(n_components=20, random_state=42), AdaBoostClassifier(random_state=42), {'estimator': DecisionTreeClassifier(random_state=42), 'n_estimators': 10}, 0.5880780539962578, 0.628125, 0.6397939292676135)
2023-09-14 19:22:16,719 - p88158: root - [DEBUG]: (RandomUnderSampler(random_state=42), PCA(n_components=20, random_state=42), RandomForestClassifier(random_state=42), {'criterion': 'gini', 'max_depth': 15}, 0.6014903986622157, 0.584375, 0.6701824004455584)
2023-09-14 19:22:30,930 - p88158: root - [DEBUG]: (RandomUnderSampler(random_state=42), PCA(n_components=20, random_state=42), BaggingClassifier(random_state=42), {'estimator': DecisionTreeClassifier(random_state=42), 'n_estimators': 50}, 0.6189401851264742, 0.63125, 0.7080287524366471)
2023-09-14 19:22:33,111 - p88158: root - [DEBUG]: (RandomUnderSampler(random_state=42), PCA(n_components=20, random_state=42), GradientBoostingClassifier(random_state=42), {'max_depth': 5, 'n_estimators': 10}, 0.6464441792083947, 0.59375, 0.7257727652464495)
2023-09-14 19:22:33,317 - p88158: root - [DEBUG]: (RandomUnderSampler(random_state=42), PCA(n_components=20, random_state=42), KNeighborsClassifier(), {'n_neighbors': 5}, 0.5983959953500804, 0.565625, 0.6466339459760513)
2023-09-14 19:22:33,645 - p88158: root - [DEBUG]: (RandomUnderSampler(random_state=42), PCA(n_components=10, random_state=42), DecisionTreeClassifier(random_state=42), {'criterion': 'entropy', 'max_depth': 10}, 0.6336870504715193, 0.7875, 0.7009276663881927)
2023-09-14 19:22:34,652 - p88158: root - [DEBUG]: (RandomUnderSampler(random_state=42), PCA(n_components=10, random_state=42), AdaBoostClassifier(random_state=42), {'estimator': RandomForestClassifier(random_state=42), 'n_estimators': 10}, 0.6343907548659418, 0.6453125, 0.7118751740462266)
2023-09-14 19:22:37,325 - p88158: root - [DEBUG]: (RandomUnderSampler(random_state=42), PCA(n_components=10, random_state=42), RandomForestClassifier(random_state=42), {'criterion': 'entropy', 'max_depth': None}, 0.6510215214188471, 0.625, 0.7178884711779449)
2023-09-14 19:22:50,003 - p88158: root - [DEBUG]: (RandomUnderSampler(random_state=42), PCA(n_components=10, random_state=42), BaggingClassifier(random_state=42), {'estimator': DecisionTreeClassifier(random_state=42), 'n_estimators': 50}, 0.6536796839546695, 0.65, 0.7080809663046506)
2023-09-14 19:22:51,493 - p88158: root - [DEBUG]: (RandomUnderSampler(random_state=42), PCA(n_components=10, random_state=42), GradientBoostingClassifier(random_state=42), {'max_depth': 5, 'n_estimators': 50}, 0.6900098220224662, 0.675, 0.7683879838485103)
2023-09-14 19:22:51,731 - p88158: root - [DEBUG]: (RandomUnderSampler(random_state=42), PCA(n_components=10, random_state=42), KNeighborsClassifier(), {'n_neighbors': 5}, 0.6625630194637673, 0.6375, 0.7230228348649401)
2023-09-14 19:22:51,880 - p88158: root - [DEBUG]: (RandomUnderSampler(random_state=42), PCA(n_components=5, random_state=42), DecisionTreeClassifier(random_state=42), {'criterion': 'gini', 'max_depth': 10}, 0.6760233863598217, 0.753125, 0.7226312308549151)
2023-09-14 19:22:52,745 - p88158: root - [DEBUG]: (RandomUnderSampler(random_state=42), PCA(n_components=5, random_state=42), AdaBoostClassifier(random_state=42), {'estimator': RandomForestClassifier(random_state=42), 'n_estimators': 10}, 0.7020237717809565, 0.6515625, 0.7538551239209134)
2023-09-14 19:22:54,873 - p88158: root - [DEBUG]: (RandomUnderSampler(random_state=42), PCA(n_components=5, random_state=42), RandomForestClassifier(random_state=42), {'criterion': 'entropy', 'max_depth': 15}, 0.7221797430111336, 0.6375, 0.7600598719019771)
2023-09-14 19:23:05,756 - p88158: root - [DEBUG]: (RandomUnderSampler(random_state=42), PCA(n_components=5, random_state=42), BaggingClassifier(random_state=42), {'estimator': DecisionTreeClassifier(random_state=42), 'n_estimators': 50}, 0.7152870765806928, 0.665625, 0.7647678223336118)
2023-09-14 19:23:06,720 - p88158: root - [DEBUG]: (RandomUnderSampler(random_state=42), PCA(n_components=5, random_state=42), GradientBoostingClassifier(random_state=42), {'max_depth': 10, 'n_estimators': 25}, 0.735687510490293, 0.6546875, 0.7790831244778613)
2023-09-14 19:23:06,900 - p88158: root - [DEBUG]: (RandomUnderSampler(random_state=42), PCA(n_components=5, random_state=42), KNeighborsClassifier(), {'n_neighbors': 5}, 0.6662932122364993, 0.6296875, 0.7116228070175438)
2023-09-14 19:23:07,191 - p88158: root - [DEBUG]: (RandomUnderSampler(random_state=42), KernelPCA(kernel='rbf', n_components=5, n_jobs=8, random_state=42), DecisionTreeClassifier(random_state=42), {'criterion': 'entropy', 'max_depth': 10}, 0.6593318538134934, 0.440625, 0.6167676134781399)
2023-09-14 19:23:08,113 - p88158: root - [DEBUG]: (RandomUnderSampler(random_state=42), KernelPCA(kernel='rbf', n_components=5, n_jobs=8, random_state=42), AdaBoostClassifier(random_state=42), {'estimator': RandomForestClassifier(random_state=42), 'n_estimators': 10}, 0.7524399644417921, 0.6546875, 0.6970899470899471)
2023-09-14 19:23:10,310 - p88158: root - [DEBUG]: (RandomUnderSampler(random_state=42), KernelPCA(kernel='rbf', n_components=5, n_jobs=8, random_state=42), RandomForestClassifier(random_state=42), {'criterion': 'entropy', 'max_depth': None}, 0.7443669457861659, 0.640625, 0.7068017265385687)
2023-09-14 19:23:26,298 - p88158: root - [DEBUG]: (RandomUnderSampler(random_state=42), KernelPCA(kernel='rbf', n_components=5, n_jobs=8, random_state=42), BaggingClassifier(random_state=42), {'estimator': RandomForestClassifier(random_state=42), 'n_estimators': 50}, 0.7360448020986803, 0.6359375, 0.7145815928710665)
2023-09-14 19:23:27,426 - p88158: root - [DEBUG]: (RandomUnderSampler(random_state=42), KernelPCA(kernel='rbf', n_components=5, n_jobs=8, random_state=42), GradientBoostingClassifier(random_state=42), {'max_depth': 10, 'n_estimators': 50}, 0.7214348545035216, 0.628125, 0.7033991228070174)
2023-09-14 19:23:27,610 - p88158: root - [DEBUG]: (RandomUnderSampler(random_state=42), KernelPCA(kernel='rbf', n_components=5, n_jobs=8, random_state=42), KNeighborsClassifier(), {'n_neighbors': 5}, 0.7186431932762662, 0.625, 0.710256544138123)
2023-09-14 19:23:28,109 - p88158: root - [DEBUG]: (RandomUnderSampler(random_state=42), KernelPCA(kernel='rbf', n_components=10, n_jobs=8, random_state=42), DecisionTreeClassifier(random_state=42), {'criterion': 'entropy', 'max_depth': 15}, 0.6680004102870145, 0.525, 0.5891725842383738)
2023-09-14 19:23:29,263 - p88158: root - [DEBUG]: (RandomUnderSampler(random_state=42), KernelPCA(kernel='rbf', n_components=10, n_jobs=8, random_state=42), AdaBoostClassifier(random_state=42), {'estimator': RandomForestClassifier(random_state=42), 'n_estimators': 10}, 0.7484749445180061, 0.6578125, 0.7469890002784739)
2023-09-14 19:23:32,014 - p88158: root - [DEBUG]: (RandomUnderSampler(random_state=42), KernelPCA(kernel='rbf', n_components=10, n_jobs=8, random_state=42), RandomForestClassifier(random_state=42), {'criterion': 'entropy', 'max_depth': 15}, 0.7518263988611427, 0.6640625, 0.7516360345307713)
2023-09-14 19:23:51,040 - p88158: root - [DEBUG]: (RandomUnderSampler(random_state=42), KernelPCA(kernel='rbf', n_components=10, n_jobs=8, random_state=42), BaggingClassifier(random_state=42), {'estimator': RandomForestClassifier(random_state=42), 'n_estimators': 50}, 0.74023143917495, 0.6515625, 0.7538986354775827)
2023-09-14 19:23:52,899 - p88158: root - [DEBUG]: (RandomUnderSampler(random_state=42), KernelPCA(kernel='rbf', n_components=10, n_jobs=8, random_state=42), GradientBoostingClassifier(random_state=42), {'max_depth': 10, 'n_estimators': 50}, 0.7196412475211826, 0.6203125, 0.7185324422166528)
2023-09-14 19:23:53,307 - p88158: root - [DEBUG]: (RandomUnderSampler(random_state=42), KernelPCA(kernel='rbf', n_components=10, n_jobs=8, random_state=42), KNeighborsClassifier(), {'n_neighbors': 5}, 0.7124843811193375, 0.6296875, 0.7164786967418546)
2023-09-14 19:23:53,567 - p88158: root - [DEBUG]: (RandomUnderSampler(random_state=42), KernelPCA(kernel='poly', n_components=5, n_jobs=8, random_state=42), DecisionTreeClassifier(random_state=42), {'criterion': 'gini', 'max_depth': 15}, 0.7222558947675972, 0.73125, 0.7047653856864382)
2023-09-14 19:23:54,418 - p88158: root - [DEBUG]: (RandomUnderSampler(random_state=42), KernelPCA(kernel='poly', n_components=5, n_jobs=8, random_state=42), AdaBoostClassifier(random_state=42), {'estimator': RandomForestClassifier(random_state=42), 'n_estimators': 10}, 0.8034359983339859, 0.6640625, 0.7811368699526594)
2023-09-14 19:23:56,507 - p88158: root - [DEBUG]: (RandomUnderSampler(random_state=42), KernelPCA(kernel='poly', n_components=5, n_jobs=8, random_state=42), RandomForestClassifier(random_state=42), {'criterion': 'gini', 'max_depth': None}, 0.8019121861459751, 0.6890625, 0.7784130465051518)
2023-09-14 19:24:12,567 - p88158: root - [DEBUG]: (RandomUnderSampler(random_state=42), KernelPCA(kernel='poly', n_components=5, n_jobs=8, random_state=42), BaggingClassifier(random_state=42), {'estimator': RandomForestClassifier(random_state=42), 'n_estimators': 50}, 0.7910914877877449, 0.6796875, 0.7811368699526595)
2023-09-14 19:24:13,735 - p88158: root - [DEBUG]: (RandomUnderSampler(random_state=42), KernelPCA(kernel='poly', n_components=5, n_jobs=8, random_state=42), GradientBoostingClassifier(random_state=42), {'max_depth': 10, 'n_estimators': 50}, 0.7869611097642093, 0.6859375, 0.7797793093845725)
2023-09-14 19:24:13,934 - p88158: root - [DEBUG]: (RandomUnderSampler(random_state=42), KernelPCA(kernel='poly', n_components=5, n_jobs=8, random_state=42), KNeighborsClassifier(), {'n_neighbors': 5}, 0.7231439174950113, 0.6171875, 0.7169747284878863)
2023-09-14 19:24:14,442 - p88158: root - [DEBUG]: (RandomUnderSampler(random_state=42), KernelPCA(kernel='poly', n_components=10, n_jobs=8, random_state=42), DecisionTreeClassifier(random_state=42), {'criterion': 'entropy', 'max_depth': 15}, 0.7237264007260837, 0.553125, 0.682504873294347)
2023-09-14 19:24:15,641 - p88158: root - [DEBUG]: (RandomUnderSampler(random_state=42), KernelPCA(kernel='poly', n_components=10, n_jobs=8, random_state=42), AdaBoostClassifier(random_state=42), {'estimator': RandomForestClassifier(random_state=42), 'n_estimators': 10}, 0.7830400713650747, 0.671875, 0.7834342801448064)
2023-09-14 19:24:18,405 - p88158: root - [DEBUG]: (RandomUnderSampler(random_state=42), KernelPCA(kernel='poly', n_components=10, n_jobs=8, random_state=42), RandomForestClassifier(random_state=42), {'criterion': 'entropy', 'max_depth': 15}, 0.7979588221032804, 0.6734375, 0.7905701754385965)
2023-09-14 19:24:37,336 - p88158: root - [DEBUG]: (RandomUnderSampler(random_state=42), KernelPCA(kernel='poly', n_components=10, n_jobs=8, random_state=42), BaggingClassifier(random_state=42), {'estimator': RandomForestClassifier(random_state=42), 'n_estimators': 50}, 0.7748343310767547, 0.675, 0.7869500139236981)
2023-09-14 19:24:39,010 - p88158: root - [DEBUG]: (RandomUnderSampler(random_state=42), KernelPCA(kernel='poly', n_components=10, n_jobs=8, random_state=42), GradientBoostingClassifier(random_state=42), {'max_depth': 5, 'n_estimators': 50}, 0.7761699396380772, 0.6359375, 0.7590939153439153)
2023-09-14 19:24:39,469 - p88158: root - [DEBUG]: (RandomUnderSampler(random_state=42), KernelPCA(kernel='poly', n_components=10, n_jobs=8, random_state=42), KNeighborsClassifier(), {'n_neighbors': 5}, 0.7195316822389238, 0.634375, 0.7260599415204678)
2023-09-14 19:24:40,019 - p88158: root - [DEBUG]: (RandomUnderSampler(random_state=42), LocallyLinearEmbedding(n_components=10, n_jobs=8, n_neighbors=40,
                       random_state=42), DecisionTreeClassifier(random_state=42), {'criterion': 'gini', 'max_depth': 10}, 0.6441513896918496, 0.5703125, 0.6816955583402952)
2023-09-14 19:24:41,177 - p88158: root - [DEBUG]: (RandomUnderSampler(random_state=42), LocallyLinearEmbedding(n_components=10, n_jobs=8, n_neighbors=40,
                       random_state=42), AdaBoostClassifier(random_state=42), {'estimator': RandomForestClassifier(random_state=42), 'n_estimators': 10}, 0.6991441475043981, 0.66875, 0.7254594820384295)
2023-09-14 19:24:43,914 - p88158: root - [DEBUG]: (RandomUnderSampler(random_state=42), LocallyLinearEmbedding(n_components=10, n_jobs=8, n_neighbors=40,
                       random_state=42), RandomForestClassifier(random_state=42), {'criterion': 'gini', 'max_depth': 15}, 0.6953239713296407, 0.665625, 0.7263645224171541)
2023-09-14 19:24:57,049 - p88158: root - [DEBUG]: (RandomUnderSampler(random_state=42), LocallyLinearEmbedding(n_components=10, n_jobs=8, n_neighbors=40,
                       random_state=42), BaggingClassifier(random_state=42), {'estimator': DecisionTreeClassifier(random_state=42), 'n_estimators': 50}, 0.6894641713756425, 0.678125, 0.7236755082149819)
2023-09-14 19:24:58,831 - p88158: root - [DEBUG]: (RandomUnderSampler(random_state=42), LocallyLinearEmbedding(n_components=10, n_jobs=8, n_neighbors=40,
                       random_state=42), GradientBoostingClassifier(random_state=42), {'max_depth': 10, 'n_estimators': 50}, 0.6757430235666374, 0.6640625, 0.7186890838206628)
2023-09-14 19:24:59,209 - p88158: root - [DEBUG]: (RandomUnderSampler(random_state=42), LocallyLinearEmbedding(n_components=10, n_jobs=8, n_neighbors=40,
                       random_state=42), KNeighborsClassifier(), {'n_neighbors': 5}, 0.6661713694261577, 0.6140625, 0.6666666666666667)
2023-09-14 19:24:59,599 - p88158: root - [DEBUG]: (RandomUnderSampler(random_state=42), LocallyLinearEmbedding(n_components=5, n_jobs=8, n_neighbors=40,
                       random_state=42), DecisionTreeClassifier(random_state=42), {'criterion': 'entropy', 'max_depth': 15}, 0.6407909214673355, 0.640625, 0.6592087858535227)
2023-09-14 19:25:00,574 - p88158: root - [DEBUG]: (RandomUnderSampler(random_state=42), LocallyLinearEmbedding(n_components=5, n_jobs=8, n_neighbors=40,
                       random_state=42), AdaBoostClassifier(random_state=42), {'estimator': RandomForestClassifier(random_state=42), 'n_estimators': 10}, 0.6981069294990147, 0.625, 0.6984039961013645)
2023-09-14 19:25:02,858 - p88158: root - [DEBUG]: (RandomUnderSampler(random_state=42), LocallyLinearEmbedding(n_components=5, n_jobs=8, n_neighbors=40,
                       random_state=42), RandomForestClassifier(random_state=42), {'criterion': 'entropy', 'max_depth': None}, 0.700480377712712, 0.63125, 0.6998137705374547)
2023-09-14 19:25:14,114 - p88158: root - [DEBUG]: (RandomUnderSampler(random_state=42), LocallyLinearEmbedding(n_components=5, n_jobs=8, n_neighbors=40,
                       random_state=42), BaggingClassifier(random_state=42), {'estimator': DecisionTreeClassifier(random_state=42), 'n_estimators': 50}, 0.6943510937878816, 0.65, 0.6984039961013645)
2023-09-14 19:25:15,124 - p88158: root - [DEBUG]: (RandomUnderSampler(random_state=42), LocallyLinearEmbedding(n_components=5, n_jobs=8, n_neighbors=40,
                       random_state=42), GradientBoostingClassifier(random_state=42), {'max_depth': 10, 'n_estimators': 25}, 0.6702234199287592, 0.621875, 0.6493055555555556)
2023-09-14 19:25:15,473 - p88158: root - [DEBUG]: (RandomUnderSampler(random_state=42), LocallyLinearEmbedding(n_components=5, n_jobs=8, n_neighbors=40,
                       random_state=42), KNeighborsClassifier(), {'n_neighbors': 5}, 0.664185673523433, 0.6375, 0.7168615984405458)
2023-09-14 19:25:16,930 - p88158: root - [DEBUG]: (ADASYN(random_state=42), PCA(n_components=20, random_state=42), DecisionTreeClassifier(random_state=42), {'criterion': 'entropy', 'max_depth': None}, 0.7688447729901926, 0.746875, 0.5820802005012531)
2023-09-14 19:25:23,826 - p88158: root - [DEBUG]: (ADASYN(random_state=42), PCA(n_components=20, random_state=42), AdaBoostClassifier(random_state=42), {'estimator': RandomForestClassifier(random_state=42), 'n_estimators': 10}, 0.9426950169749281, 0.8140625, 0.6885790866054025)
2023-09-14 19:25:40,024 - p88158: root - [DEBUG]: (ADASYN(random_state=42), PCA(n_components=20, random_state=42), RandomForestClassifier(random_state=42), {'criterion': 'entropy', 'max_depth': None}, 0.9460044094477889, 0.8171875, 0.6932435254803677)
2023-09-14 19:28:00,088 - p88158: root - [DEBUG]: (ADASYN(random_state=42), PCA(n_components=20, random_state=42), BaggingClassifier(random_state=42), {'estimator': RandomForestClassifier(random_state=42), 'n_estimators': 50}, 0.934145402996726, 0.8140625, 0.6423959203564467)
2023-09-14 19:28:14,579 - p88158: root - [DEBUG]: (ADASYN(random_state=42), PCA(n_components=20, random_state=42), GradientBoostingClassifier(random_state=42), {'max_depth': 10, 'n_estimators': 50}, 0.9506323257096586, 0.8203125, 0.7176099972152604)
2023-09-14 19:28:15,173 - p88158: root - [DEBUG]: (ADASYN(random_state=42), PCA(n_components=20, random_state=42), KNeighborsClassifier(), {'n_neighbors': 5}, 0.9696784811670529, 0.8296875, 0.7167484683932052)
2023-09-14 19:28:16,027 - p88158: root - [DEBUG]: (ADASYN(random_state=42), PCA(n_components=10, random_state=42), DecisionTreeClassifier(random_state=42), {'criterion': 'entropy', 'max_depth': 15}, 0.7836733713095725, 0.778125, 0.6454417293233083)
2023-09-14 19:28:20,831 - p88158: root - [DEBUG]: (ADASYN(random_state=42), PCA(n_components=10, random_state=42), AdaBoostClassifier(random_state=42), {'estimator': RandomForestClassifier(random_state=42), 'n_estimators': 10}, 0.9153700296887, 0.784375, 0.715425717070454)
2023-09-14 19:28:32,711 - p88158: root - [DEBUG]: (ADASYN(random_state=42), PCA(n_components=10, random_state=42), RandomForestClassifier(random_state=42), {'criterion': 'entropy', 'max_depth': None}, 0.9181360545699242, 0.7953125, 0.7275132275132274)
2023-09-14 19:29:55,023 - p88158: root - [DEBUG]: (ADASYN(random_state=42), PCA(n_components=10, random_state=42), BaggingClassifier(random_state=42), {'estimator': RandomForestClassifier(random_state=42), 'n_estimators': 25}, 0.9072745785944987, 0.7703125, 0.704704469507101)
2023-09-14 19:30:02,818 - p88158: root - [DEBUG]: (ADASYN(random_state=42), PCA(n_components=10, random_state=42), GradientBoostingClassifier(random_state=42), {'max_depth': 10, 'n_estimators': 50}, 0.9194628137022933, 0.803125, 0.7543859649122807)
2023-09-14 19:30:03,268 - p88158: root - [DEBUG]: (ADASYN(random_state=42), PCA(n_components=10, random_state=42), KNeighborsClassifier(), {'n_neighbors': 5}, 0.9273694010799061, 0.803125, 0.7360501949317739)
2023-09-14 19:30:03,859 - p88158: root - [DEBUG]: (ADASYN(random_state=42), PCA(n_components=5, random_state=42), DecisionTreeClassifier(random_state=42), {'criterion': 'entropy', 'max_depth': 15}, 0.7697493513749512, 0.75, 0.6905458089668615)
2023-09-14 19:30:07,316 - p88158: root - [DEBUG]: (ADASYN(random_state=42), PCA(n_components=5, random_state=42), AdaBoostClassifier(random_state=42), {'estimator': RandomForestClassifier(random_state=42), 'n_estimators': 10}, 0.8838330668866952, 0.8, 0.7681704260651627)
2023-09-14 19:30:16,421 - p88158: root - [DEBUG]: (ADASYN(random_state=42), PCA(n_components=5, random_state=42), RandomForestClassifier(random_state=42), {'criterion': 'entropy', 'max_depth': None}, 0.884272289378829, 0.784375, 0.7684314954051796)
2023-09-14 19:31:06,499 - p88158: root - [DEBUG]: (ADASYN(random_state=42), PCA(n_components=5, random_state=42), BaggingClassifier(random_state=42), {'estimator': DecisionTreeClassifier(random_state=42), 'n_estimators': 50}, 0.8773012489823018, 0.7921875, 0.7618525480367586)
2023-09-14 19:31:11,715 - p88158: root - [DEBUG]: (ADASYN(random_state=42), PCA(n_components=5, random_state=42), GradientBoostingClassifier(random_state=42), {'max_depth': 10, 'n_estimators': 50}, 0.8748753373828609, 0.775, 0.7888036062378168)
2023-09-14 19:31:12,145 - p88158: root - [DEBUG]: (ADASYN(random_state=42), PCA(n_components=5, random_state=42), KNeighborsClassifier(), {'n_neighbors': 5}, 0.8587620263104994, 0.753125, 0.7576493316624895)
2023-09-14 19:31:13,649 - p88158: root - [DEBUG]: (ADASYN(random_state=42), KernelPCA(kernel='rbf', n_components=5, n_jobs=8, random_state=42), DecisionTreeClassifier(random_state=42), {'criterion': 'entropy', 'max_depth': 10}, 0.8865591409518672, 0.81875, 0.6850894597605124)
2023-09-14 19:31:17,572 - p88158: root - [DEBUG]: (ADASYN(random_state=42), KernelPCA(kernel='rbf', n_components=5, n_jobs=8, random_state=42), AdaBoostClassifier(random_state=42), {'estimator': RandomForestClassifier(random_state=42), 'n_estimators': 10}, 0.9438659863450022, 0.8515625, 0.7538377192982456)
2023-09-14 19:31:26,790 - p88158: root - [DEBUG]: (ADASYN(random_state=42), KernelPCA(kernel='rbf', n_components=5, n_jobs=8, random_state=42), RandomForestClassifier(random_state=42), {'criterion': 'entropy', 'max_depth': 15}, 0.9454477066812634, 0.8578125, 0.7487033556112503)
2023-09-14 19:32:11,422 - p88158: root - [DEBUG]: (ADASYN(random_state=42), KernelPCA(kernel='rbf', n_components=5, n_jobs=8, random_state=42), BaggingClassifier(random_state=42), {'estimator': RandomForestClassifier(random_state=42), 'n_estimators': 10}, 0.9440415459278597, 0.8421875, 0.7356150793650793)
2023-09-14 19:32:16,657 - p88158: root - [DEBUG]: (ADASYN(random_state=42), KernelPCA(kernel='rbf', n_components=5, n_jobs=8, random_state=42), GradientBoostingClassifier(random_state=42), {'max_depth': 10, 'n_estimators': 50}, 0.937662157529737, 0.834375, 0.7205252715121137)
2023-09-14 19:32:17,844 - p88158: root - [DEBUG]: (ADASYN(random_state=42), KernelPCA(kernel='rbf', n_components=5, n_jobs=8, random_state=42), KNeighborsClassifier(), {'n_neighbors': 5}, 0.9375458366153353, 0.8625, 0.76333194096352)
2023-09-14 19:32:23,926 - p88158: root - [DEBUG]: (ADASYN(random_state=42), KernelPCA(kernel='rbf', n_components=10, n_jobs=8, random_state=42), DecisionTreeClassifier(random_state=42), {'criterion': 'entropy', 'max_depth': 15}, 0.8933303823795, 0.8265625, 0.6063161375661376)
2023-09-14 19:32:32,891 - p88158: root - [DEBUG]: (ADASYN(random_state=42), KernelPCA(kernel='rbf', n_components=10, n_jobs=8, random_state=42), AdaBoostClassifier(random_state=42), {'estimator': RandomForestClassifier(random_state=42), 'n_estimators': 10}, 0.9613205016488111, 0.8453125, 0.7280092592592592)
2023-09-14 19:32:48,857 - p88158: root - [DEBUG]: (ADASYN(random_state=42), KernelPCA(kernel='rbf', n_components=10, n_jobs=8, random_state=42), RandomForestClassifier(random_state=42), {'criterion': 'entropy', 'max_depth': None}, 0.9613940662013147, 0.84375, 0.7435428849902534)
2023-09-14 19:33:53,616 - p88158: root - [DEBUG]: (ADASYN(random_state=42), KernelPCA(kernel='rbf', n_components=10, n_jobs=8, random_state=42), BaggingClassifier(random_state=42), {'estimator': RandomForestClassifier(random_state=42), 'n_estimators': 10}, 0.9603224614213403, 0.834375, 0.7214999303815093)
2023-09-14 19:34:06,474 - p88158: root - [DEBUG]: (ADASYN(random_state=42), KernelPCA(kernel='rbf', n_components=10, n_jobs=8, random_state=42), GradientBoostingClassifier(random_state=42), {'max_depth': 10, 'n_estimators': 50}, 0.953438871935556, 0.825, 0.6960282651072124)
2023-09-14 19:34:11,755 - p88158: root - [DEBUG]: (ADASYN(random_state=42), KernelPCA(kernel='rbf', n_components=10, n_jobs=8, random_state=42), KNeighborsClassifier(), {'n_neighbors': 5}, 0.9525767142841385, 0.865625, 0.7436647173489279)
2023-09-14 19:34:13,096 - p88158: root - [DEBUG]: (ADASYN(random_state=42), KernelPCA(kernel='poly', n_components=5, n_jobs=8, random_state=42), DecisionTreeClassifier(random_state=42), {'criterion': 'gini', 'max_depth': 15}, 0.8273422491327131, 0.65, 0.7056965329991647)
2023-09-14 19:34:17,190 - p88158: root - [DEBUG]: (ADASYN(random_state=42), KernelPCA(kernel='poly', n_components=5, n_jobs=8, random_state=42), AdaBoostClassifier(random_state=42), {'estimator': RandomForestClassifier(random_state=42), 'n_estimators': 10}, 0.9103818096211004, 0.7984375, 0.8070523531049847)
2023-09-14 19:34:26,647 - p88158: root - [DEBUG]: (ADASYN(random_state=42), KernelPCA(kernel='poly', n_components=5, n_jobs=8, random_state=42), RandomForestClassifier(random_state=42), {'criterion': 'gini', 'max_depth': None}, 0.9111284308571503, 0.7984375, 0.8157633667502089)
2023-09-14 19:35:32,147 - p88158: root - [DEBUG]: (ADASYN(random_state=42), KernelPCA(kernel='poly', n_components=5, n_jobs=8, random_state=42), BaggingClassifier(random_state=42), {'estimator': RandomForestClassifier(random_state=42), 'n_estimators': 50}, 0.9079189074312275, 0.79375, 0.812412976886661)
2023-09-14 19:35:37,375 - p88158: root - [DEBUG]: (ADASYN(random_state=42), KernelPCA(kernel='poly', n_components=5, n_jobs=8, random_state=42), GradientBoostingClassifier(random_state=42), {'max_depth': 10, 'n_estimators': 50}, 0.8942020455077252, 0.7734375, 0.7788220551378446)
2023-09-14 19:35:38,530 - p88158: root - [DEBUG]: (ADASYN(random_state=42), KernelPCA(kernel='poly', n_components=5, n_jobs=8, random_state=42), KNeighborsClassifier(), {'n_neighbors': 5}, 0.8616195294550245, 0.759375, 0.7768379281537177)
2023-09-14 19:35:44,332 - p88158: root - [DEBUG]: (ADASYN(random_state=42), KernelPCA(kernel='poly', n_components=10, n_jobs=8, random_state=42), DecisionTreeClassifier(random_state=42), {'criterion': 'gini', 'max_depth': 15}, 0.8325876895261757, 0.7109375, 0.6958368142578668)
2023-09-14 19:35:53,624 - p88158: root - [DEBUG]: (ADASYN(random_state=42), KernelPCA(kernel='poly', n_components=10, n_jobs=8, random_state=42), AdaBoostClassifier(random_state=42), {'estimator': RandomForestClassifier(random_state=42), 'n_estimators': 10}, 0.930834464286988, 0.815625, 0.8031102060707324)
2023-09-14 19:36:11,099 - p88158: root - [DEBUG]: (ADASYN(random_state=42), KernelPCA(kernel='poly', n_components=10, n_jobs=8, random_state=42), RandomForestClassifier(random_state=42), {'criterion': 'entropy', 'max_depth': None}, 0.931377902079299, 0.809375, 0.8025184489000279)
2023-09-14 19:37:16,021 - p88158: root - [DEBUG]: (ADASYN(random_state=42), KernelPCA(kernel='poly', n_components=10, n_jobs=8, random_state=42), BaggingClassifier(random_state=42), {'estimator': DecisionTreeClassifier(random_state=42), 'n_estimators': 50}, 0.9260510069216362, 0.7953125, 0.7773948760790865)
2023-09-14 19:37:29,590 - p88158: root - [DEBUG]: (ADASYN(random_state=42), KernelPCA(kernel='poly', n_components=10, n_jobs=8, random_state=42), GradientBoostingClassifier(random_state=42), {'max_depth': 10, 'n_estimators': 50}, 0.918389211691896, 0.78125, 0.7584064327485379)
2023-09-14 19:37:34,973 - p88158: root - [DEBUG]: (ADASYN(random_state=42), KernelPCA(kernel='poly', n_components=10, n_jobs=8, random_state=42), KNeighborsClassifier(), {'n_neighbors': 5}, 0.8744882402922004, 0.740625, 0.809645641882484)
2023-09-14 19:37:41,113 - p88158: root - [DEBUG]: (ADASYN(random_state=42), LocallyLinearEmbedding(n_components=10, n_jobs=8, n_neighbors=40,
                       random_state=42), DecisionTreeClassifier(random_state=42), {'criterion': 'entropy', 'max_depth': 15}, 0.8820055411286736, 0.7828125, 0.5498207323865218)
2023-09-14 19:37:52,218 - p88158: root - [DEBUG]: (ADASYN(random_state=42), LocallyLinearEmbedding(n_components=10, n_jobs=8, n_neighbors=40,
                       random_state=42), AdaBoostClassifier(random_state=42), {'estimator': RandomForestClassifier(random_state=42), 'n_estimators': 10}, 0.9734520430162888, 0.78125, 0.5926535087719298)
2023-09-14 19:38:09,531 - p88158: root - [DEBUG]: (ADASYN(random_state=42), LocallyLinearEmbedding(n_components=10, n_jobs=8, n_neighbors=40,
                       random_state=42), RandomForestClassifier(random_state=42), {'criterion': 'entropy', 'max_depth': None}, 0.9730889911713415, 0.7921875, 0.6040274296853244)
2023-09-14 19:39:46,569 - p88158: root - [DEBUG]: (ADASYN(random_state=42), LocallyLinearEmbedding(n_components=10, n_jobs=8, n_neighbors=40,
                       random_state=42), BaggingClassifier(random_state=42), {'estimator': RandomForestClassifier(random_state=42), 'n_estimators': 50}, 0.969977552309207, 0.78125, 0.6034530771372877)
2023-09-14 19:40:00,028 - p88158: root - [DEBUG]: (ADASYN(random_state=42), LocallyLinearEmbedding(n_components=10, n_jobs=8, n_neighbors=40,
                       random_state=42), GradientBoostingClassifier(random_state=42), {'max_depth': 10, 'n_estimators': 50}, 0.967590405244057, 0.7875, 0.6004246727930939)
2023-09-14 19:40:05,556 - p88158: root - [DEBUG]: (ADASYN(random_state=42), LocallyLinearEmbedding(n_components=10, n_jobs=8, n_neighbors=40,
                       random_state=42), KNeighborsClassifier(), {'n_neighbors': 5}, 0.9489098787068031, 0.8125, 0.5977791701475913)
2023-09-14 19:40:07,657 - p88158: root - [DEBUG]: (ADASYN(random_state=42), LocallyLinearEmbedding(n_components=5, n_jobs=8, n_neighbors=40,
                       random_state=42), DecisionTreeClassifier(random_state=42), {'criterion': 'gini', 'max_depth': 15}, 0.8472748407870787, 0.796875, 0.5519266917293233)
2023-09-14 19:40:13,933 - p88158: root - [DEBUG]: (ADASYN(random_state=42), LocallyLinearEmbedding(n_components=5, n_jobs=8, n_neighbors=40,
                       random_state=42), AdaBoostClassifier(random_state=42), {'estimator': RandomForestClassifier(random_state=42), 'n_estimators': 10}, 0.9335242868904791, 0.7875, 0.6043755221386801)
2023-09-14 19:40:23,768 - p88158: root - [DEBUG]: (ADASYN(random_state=42), LocallyLinearEmbedding(n_components=5, n_jobs=8, n_neighbors=40,
                       random_state=42), RandomForestClassifier(random_state=42), {'criterion': 'entropy', 'max_depth': None}, 0.9333714208402011, 0.784375, 0.6109457671957672)
2023-09-14 19:41:30,408 - p88158: root - [DEBUG]: (ADASYN(random_state=42), LocallyLinearEmbedding(n_components=5, n_jobs=8, n_neighbors=40,
                       random_state=42), BaggingClassifier(random_state=42), {'estimator': RandomForestClassifier(random_state=42), 'n_estimators': 50}, 0.9313412036579021, 0.7875, 0.6129560011138958)
2023-09-14 19:41:36,026 - p88158: root - [DEBUG]: (ADASYN(random_state=42), LocallyLinearEmbedding(n_components=5, n_jobs=8, n_neighbors=40,
                       random_state=42), GradientBoostingClassifier(random_state=42), {'max_depth': 10, 'n_estimators': 50}, 0.9166855871522284, 0.7890625, 0.5941154970760234)
2023-09-14 19:41:37,858 - p88158: root - [DEBUG]: (ADASYN(random_state=42), LocallyLinearEmbedding(n_components=5, n_jobs=8, n_neighbors=40,
                       random_state=42), KNeighborsClassifier(), {'n_neighbors': 5}, 0.9051163466415515, 0.7765625, 0.5964303118908382)
