[DEBUG]: (None, PCA(n_components=20), LogisticRegression(), {'C': 0.1, 'penalty': 'l2'}, 0.5, 0.83125, 0.5)
[DEBUG]: (None, PCA(n_components=20), DecisionTreeClassifier(), {'criterion': 'gini', 'max_depth': None}, 0.5728782618189758, 0.7984375, 0.6167850181008075)
[DEBUG]: (None, PCA(n_components=20), AdaBoostClassifier(), {'estimator': DecisionTreeClassifier(), 'n_estimators': 10}, 0.5591225549437956, 0.80625, 0.5919660261765526)
[DEBUG]: (None, PCA(n_components=20), RandomForestClassifier(), {'criterion': 'log_loss', 'max_depth': None}, 0.5055792117043346, 0.8390625, 0.5231481481481481)
[DEBUG]: (None, PCA(n_components=20), BaggingClassifier(), {'estimator': DecisionTreeClassifier(), 'n_estimators': 10}, 0.5256957470090603, 0.8234375, 0.5026803118908383)
[DEBUG]: (None, PCA(n_components=20), GradientBoostingClassifier(), {'max_depth': 10, 'n_estimators': 25}, 0.5460989301692192, 0.8515625, 0.5601851851851852)
[DEBUG]: (None, PCA(n_components=20), KNeighborsClassifier(), {'n_neighbors': 5}, 0.5750002925552117, 0.8296875, 0.5949944305207463)
[DEBUG]: (None, PCA(n_components=20), RadiusNeighborsClassifier(), {'radius': 20}, 0.5, 0.83125, 0.5)
[DEBUG]: (None, PCA(n_components=10), LogisticRegression(), {'C': 0.1, 'penalty': 'l2'}, 0.5, 0.83125, 0.5)
[DEBUG]: (None, PCA(n_components=10), DecisionTreeClassifier(), {'criterion': 'log_loss', 'max_depth': None}, 0.5812226300868565, 0.8, 0.6177248677248678)
[DEBUG]: (None, PCA(n_components=10), AdaBoostClassifier(), {'estimator': DecisionTreeClassifier(), 'n_estimators': 25}, 0.5784923360943369, 0.803125, 0.6269841269841271)
[DEBUG]: (None, PCA(n_components=10), RandomForestClassifier(), {'criterion': 'log_loss', 'max_depth': None}, 0.538046478408163, 0.840625, 0.5425368978000557)
[DEBUG]: (None, PCA(n_components=10), BaggingClassifier(), {'estimator': DecisionTreeClassifier(), 'n_estimators': 25}, 0.5432831334279875, 0.840625, 0.5646755778334724)
[DEBUG]: (None, PCA(n_components=10), GradientBoostingClassifier(), {'max_depth': 10, 'n_estimators': 25}, 0.5572819516909624, 0.8453125, 0.5527360066833751)
[DEBUG]: (None, PCA(n_components=10), KNeighborsClassifier(), {'n_neighbors': 5}, 0.5919077372548577, 0.85, 0.6330409356725146)
[DEBUG]: (None, PCA(n_components=10), RadiusNeighborsClassifier(), {'radius': 20}, 0.5, 0.83125, 0.5)
[DEBUG]: (None, PCA(n_components=5), LogisticRegression(), {'C': 0.1, 'penalty': 'l2'}, 0.5, 0.83125, 0.5)
[DEBUG]: (None, PCA(n_components=5), DecisionTreeClassifier(), {'criterion': 'gini', 'max_depth': None}, 0.6282384925145952, 0.7640625, 0.5887287663603453)
[DEBUG]: (None, PCA(n_components=5), AdaBoostClassifier(), {'estimator': DecisionTreeClassifier(), 'n_estimators': 10}, 0.6241912823862051, 0.7953125, 0.6444235588972431)
[DEBUG]: (None, PCA(n_components=5), RandomForestClassifier(), {'criterion': 'entropy', 'max_depth': None}, 0.5846285720360183, 0.846875, 0.5610554163185741)
[DEBUG]: (None, PCA(n_components=5), BaggingClassifier(), {'estimator': DecisionTreeClassifier(), 'n_estimators': 25}, 0.6070390635398472, 0.8546875, 0.6358604845446951)
[DEBUG]: (None, PCA(n_components=5), GradientBoostingClassifier(), {'max_depth': 10, 'n_estimators': 50}, 0.6001452734837567, 0.8578125, 0.6082219437482594)
[DEBUG]: (None, PCA(n_components=5), KNeighborsClassifier(), {'n_neighbors': 5}, 0.6090024611400973, 0.8515625, 0.6413603453077137)
[DEBUG]: (None, PCA(n_components=5), RadiusNeighborsClassifier(), {'radius': 20}, 0.5, 0.83125, 0.5)
[DEBUG]: (None, KernelPCA(kernel='rbf', n_components=5, n_jobs=20), LogisticRegression(), {'C': 0.1, 'penalty': 'l2'}, 0.5, 0.83125, 0.5)
[DEBUG]: (None, KernelPCA(kernel='rbf', n_components=5, n_jobs=20), DecisionTreeClassifier(), {'criterion': 'log_loss', 'max_depth': None}, 0.6271970353814634, 0.815625, 0.649262043998886)
[DEBUG]: (None, KernelPCA(kernel='rbf', n_components=5, n_jobs=20), AdaBoostClassifier(), {'estimator': RandomForestClassifier(), 'n_estimators': 25}, 0.6050251790156636, 0.865625, 0.6387496519075466)
[DEBUG]: (None, KernelPCA(kernel='rbf', n_components=5, n_jobs=20), RandomForestClassifier(), {'criterion': 'log_loss', 'max_depth': None}, 0.6082665485815502, 0.859375, 0.6239209133945977)
[DEBUG]: (None, KernelPCA(kernel='rbf', n_components=5, n_jobs=20), BaggingClassifier(), {'estimator': DecisionTreeClassifier(), 'n_estimators': 25}, 0.6198371027776799, 0.8484375, 0.6284113060428849)
[DEBUG]: (None, KernelPCA(kernel='rbf', n_components=5, n_jobs=20), GradientBoostingClassifier(), {'max_depth': 10, 'n_estimators': 50}, 0.5905737944499553, 0.8546875, 0.6100320245057087)
[DEBUG]: (None, KernelPCA(kernel='rbf', n_components=5, n_jobs=20), KNeighborsClassifier(), {'n_neighbors': 5}, 0.6531307039684526, 0.8671875, 0.6692077415761626)
[DEBUG]: (None, KernelPCA(kernel='rbf', n_components=5, n_jobs=20), RadiusNeighborsClassifier(), {'radius': 1}, 0.5, 0.83125, 0.5)
[DEBUG]: (None, KernelPCA(kernel='rbf', n_components=10, n_jobs=20), LogisticRegression(), {'C': 0.1, 'penalty': 'l2'}, 0.5, 0.83125, 0.5)
[DEBUG]: (None, KernelPCA(kernel='rbf', n_components=10, n_jobs=20), DecisionTreeClassifier(), {'criterion': 'gini', 'max_depth': None}, 0.6254617639639747, 0.7703125, 0.6035575048732944)
[DEBUG]: (None, KernelPCA(kernel='rbf', n_components=10, n_jobs=20), AdaBoostClassifier(), {'estimator': DecisionTreeClassifier(), 'n_estimators': 50}, 0.6200915912633844, 0.7859375, 0.6277151211361737)
[DEBUG]: (None, KernelPCA(kernel='rbf', n_components=10, n_jobs=20), RandomForestClassifier(), {'criterion': 'entropy', 'max_depth': None}, 0.6183609728246993, 0.86875, 0.6369395711500975)
[DEBUG]: (None, KernelPCA(kernel='rbf', n_components=10, n_jobs=20), BaggingClassifier(), {'estimator': DecisionTreeClassifier(), 'n_estimators': 25}, 0.6117750753146961, 0.8578125, 0.6229810637705375)
[DEBUG]: (None, KernelPCA(kernel='rbf', n_components=10, n_jobs=20), GradientBoostingClassifier(), {'max_depth': 10, 'n_estimators': 50}, 0.6045491192670751, 0.8671875, 0.6212406015037594)
[DEBUG]: (None, KernelPCA(kernel='rbf', n_components=10, n_jobs=20), KNeighborsClassifier(), {'n_neighbors': 5}, 0.6507453226046849, 0.8625, 0.6774575327206905)
[DEBUG]: (None, KernelPCA(kernel='rbf', n_components=10, n_jobs=20), RadiusNeighborsClassifier(), {'radius': 1}, 0.5, 0.83125, 0.5)
[DEBUG]: (None, KernelPCA(kernel='poly', n_components=5, n_jobs=20), LogisticRegression(), {'C': 0.1, 'penalty': 'l2'}, 0.5, 0.83125, 0.5)
[DEBUG]: (None, KernelPCA(kernel='poly', n_components=5, n_jobs=20), DecisionTreeClassifier(), {'criterion': 'log_loss', 'max_depth': None}, 0.6768269058665404, 0.821875, 0.686229462545252)
[DEBUG]: (None, KernelPCA(kernel='poly', n_components=5, n_jobs=20), AdaBoostClassifier(), {'estimator': RandomForestClassifier(), 'n_estimators': 25}, 0.6715058470071336, 0.8796875, 0.6914856585909217)
[DEBUG]: (None, KernelPCA(kernel='poly', n_components=5, n_jobs=20), RandomForestClassifier(), {'criterion': 'entropy', 'max_depth': None}, 0.6761566953175885, 0.878125, 0.6942355889724311)
[DEBUG]: (None, KernelPCA(kernel='poly', n_components=5, n_jobs=20), BaggingClassifier(), {'estimator': DecisionTreeClassifier(), 'n_estimators': 50}, 0.6730766643036357, 0.8734375, 0.6877262600946812)
[DEBUG]: (None, KernelPCA(kernel='poly', n_components=5, n_jobs=20), GradientBoostingClassifier(), {'max_depth': 10, 'n_estimators': 50}, 0.6728615248261113, 0.8796875, 0.6988652186020607)
[DEBUG]: (None, KernelPCA(kernel='poly', n_components=5, n_jobs=20), KNeighborsClassifier(), {'n_neighbors': 5}, 0.6428564187300003, 0.8734375, 0.6877262600946812)
[DEBUG]: (None, KernelPCA(kernel='poly', n_components=5, n_jobs=20), RadiusNeighborsClassifier(), {'radius': 20}, 0.5, 0.83125, 0.5)
[DEBUG]: (None, KernelPCA(kernel='poly', n_components=10, n_jobs=20), LogisticRegression(), {'C': 0.1, 'penalty': 'l2'}, 0.5, 0.83125, 0.5)
[DEBUG]: (None, KernelPCA(kernel='poly', n_components=10, n_jobs=20), DecisionTreeClassifier(), {'criterion': 'log_loss', 'max_depth': None}, 0.6657088165421923, 0.834375, 0.6863686995265943)
[DEBUG]: (None, KernelPCA(kernel='poly', n_components=10, n_jobs=20), AdaBoostClassifier(), {'estimator': RandomForestClassifier(), 'n_estimators': 25}, 0.6613560042583282, 0.88125, 0.6850459482038429)
[DEBUG]: (None, KernelPCA(kernel='poly', n_components=10, n_jobs=20), RandomForestClassifier(), {'criterion': 'log_loss', 'max_depth': None}, 0.6583655035548449, 0.875, 0.677596769702033)
[DEBUG]: (None, KernelPCA(kernel='poly', n_components=10, n_jobs=20), BaggingClassifier(), {'estimator': DecisionTreeClassifier(), 'n_estimators': 25}, 0.671293731855099, 0.8625, 0.6590086326928432)
[DEBUG]: (None, KernelPCA(kernel='poly', n_components=10, n_jobs=20), GradientBoostingClassifier(), {'max_depth': 10, 'n_estimators': 50}, 0.6531808516080682, 0.859375, 0.6460595934280144)
[DEBUG]: (None, KernelPCA(kernel='poly', n_components=10, n_jobs=20), KNeighborsClassifier(), {'n_neighbors': 5}, 0.6523632034197734, 0.8625, 0.6811473127262602)
[DEBUG]: (None, KernelPCA(kernel='poly', n_components=10, n_jobs=20), RadiusNeighborsClassifier(), {'radius': 1}, 0.50510917580265, 0.834375, 0.5129490392648287)
[DEBUG]: (None, LocallyLinearEmbedding(n_components=10, n_jobs=20, n_neighbors=40), LogisticRegression(), {'C': 0.1, 'penalty': 'l2'}, 0.5, 0.83125, 0.5)
[DEBUG]: (None, LocallyLinearEmbedding(n_components=10, n_jobs=20, n_neighbors=40), DecisionTreeClassifier(), {'criterion': 'gini', 'max_depth': None}, 0.588185243479684, 0.8078125, 0.6408730158730159)
[DEBUG]: (None, LocallyLinearEmbedding(n_components=10, n_jobs=20, n_neighbors=40), AdaBoostClassifier(), {'estimator': DecisionTreeClassifier(), 'n_estimators': 50}, 0.5969537056292185, 0.7921875, 0.620405179615706)
[DEBUG]: (None, LocallyLinearEmbedding(n_components=10, n_jobs=20, n_neighbors=40), RandomForestClassifier(), {'criterion': 'entropy', 'max_depth': None}, 0.5874952073875397, 0.8578125, 0.6119117237538291)
[DEBUG]: (None, LocallyLinearEmbedding(n_components=10, n_jobs=20, n_neighbors=40), BaggingClassifier(), {'estimator': DecisionTreeClassifier(), 'n_estimators': 25}, 0.5805034159862709, 0.8453125, 0.5896338067390698)
[DEBUG]: (None, LocallyLinearEmbedding(n_components=10, n_jobs=20, n_neighbors=40), GradientBoostingClassifier(), {'max_depth': 10, 'n_estimators': 50}, 0.5615534610876101, 0.846875, 0.5942634363686995)
[DEBUG]: (None, LocallyLinearEmbedding(n_components=10, n_jobs=20, n_neighbors=40), KNeighborsClassifier(), {'n_neighbors': 5}, 0.5786650256113153, 0.865625, 0.6608883319409635)
[DEBUG]: (None, LocallyLinearEmbedding(n_components=10, n_jobs=20, n_neighbors=40), RadiusNeighborsClassifier(), {'radius': 1}, 0.5, 0.83125, 0.5)
[DEBUG]: (None, LocallyLinearEmbedding(n_components=5, n_jobs=20, n_neighbors=40), LogisticRegression(), {'C': 0.1, 'penalty': 'l2'}, 0.5, 0.83125, 0.5)
[DEBUG]: (None, LocallyLinearEmbedding(n_components=5, n_jobs=20, n_neighbors=40), DecisionTreeClassifier(), {'criterion': 'entropy', 'max_depth': None}, 0.5976506412407177, 0.778125, 0.6119465329991645)
[DEBUG]: (None, LocallyLinearEmbedding(n_components=5, n_jobs=20, n_neighbors=40), AdaBoostClassifier(), {'estimator': DecisionTreeClassifier(), 'n_estimators': 10}, 0.609371739786645, 0.7984375, 0.6130952380952381)
[DEBUG]: (None, LocallyLinearEmbedding(n_components=5, n_jobs=20, n_neighbors=40), RandomForestClassifier(), {'criterion': 'entropy', 'max_depth': None}, 0.5830549784547815, 0.8375, 0.5775549986076302)
[DEBUG]: (None, LocallyLinearEmbedding(n_components=5, n_jobs=20, n_neighbors=40), BaggingClassifier(), {'estimator': DecisionTreeClassifier(), 'n_estimators': 50}, 0.5844345408267331, 0.8328125, 0.5710456697298802)
[DEBUG]: (None, LocallyLinearEmbedding(n_components=5, n_jobs=20, n_neighbors=40), GradientBoostingClassifier(), {'max_depth': 10, 'n_estimators': 50}, 0.5555467569003498, 0.8328125, 0.5489069896964635)
[DEBUG]: (None, LocallyLinearEmbedding(n_components=5, n_jobs=20, n_neighbors=40), KNeighborsClassifier(), {'n_neighbors': 5}, 0.5707367390657767, 0.85, 0.6219715956558062)
[DEBUG]: (None, LocallyLinearEmbedding(n_components=5, n_jobs=20, n_neighbors=40), RadiusNeighborsClassifier(), {'radius': 1}, 0.5, 0.83125, 0.5)
[DEBUG]: (None, Isomap(n_components=5, n_jobs=20, n_neighbors=40), LogisticRegression(), {'C': 0.1, 'penalty': 'l2'}, 0.5, 0.83125, 0.5)
[DEBUG]: (None, Isomap(n_components=5, n_jobs=20, n_neighbors=40), DecisionTreeClassifier(), {'criterion': 'gini', 'max_depth': None}, 0.5727356587597032, 0.734375, 0.5265942634363687)
[DEBUG]: (None, Isomap(n_components=5, n_jobs=20, n_neighbors=40), AdaBoostClassifier(), {'estimator': DecisionTreeClassifier(), 'n_estimators': 25}, 0.574115483789097, 0.7421875, 0.534983291562239)
[DEBUG]: (None, Isomap(n_components=5, n_jobs=20, n_neighbors=40), RandomForestClassifier(), {'criterion': 'entropy', 'max_depth': None}, 0.5453515842606624, 0.8375, 0.5591060985797828)
[DEBUG]: (None, Isomap(n_components=5, n_jobs=20, n_neighbors=40), BaggingClassifier(), {'estimator': DecisionTreeClassifier(), 'n_estimators': 25}, 0.5499858049819428, 0.8296875, 0.554406850459482)
[DEBUG]: (None, Isomap(n_components=5, n_jobs=20, n_neighbors=40), GradientBoostingClassifier(), {'max_depth': 10, 'n_estimators': 50}, 0.5386398645343135, 0.8203125, 0.5376984126984127)
[DEBUG]: (None, Isomap(n_components=5, n_jobs=20, n_neighbors=40), KNeighborsClassifier(), {'n_neighbors': 5}, 0.5614450938535279, 0.8328125, 0.5821150097465887)
[DEBUG]: (None, Isomap(n_components=5, n_jobs=20, n_neighbors=40), RadiusNeighborsClassifier(), {'radius': 50}, 0.5, 0.83125, 0.5)
[DEBUG]: (RandomUnderSampler(), PCA(n_components=20), LogisticRegression(), {'C': 0.1, 'penalty': 'l2'}, 0.5476343223736969, 0.5453125, 0.5198760790866055)
[DEBUG]: (RandomUnderSampler(), PCA(n_components=20), DecisionTreeClassifier(), {'criterion': 'log_loss', 'max_depth': 10}, 0.5791232290831327, 0.5640625, 0.6049498746867167)
[DEBUG]: (RandomUnderSampler(), PCA(n_components=20), AdaBoostClassifier(), {'estimator': RandomForestClassifier(), 'n_estimators': 25}, 0.5719994653835874, 0.4953125, 0.5820453912559175)
[DEBUG]: (RandomUnderSampler(), PCA(n_components=20), RandomForestClassifier(), {'criterion': 'entropy', 'max_depth': 15}, 0.6276263031275059, 0.5453125, 0.6305694792536898)
[DEBUG]: (RandomUnderSampler(), PCA(n_components=20), BaggingClassifier(), {'estimator': DecisionTreeClassifier(), 'n_estimators': 50}, 0.6113873295910185, 0.584375, 0.6356168198273462)
[DEBUG]: (RandomUnderSampler(), PCA(n_components=20), GradientBoostingClassifier(), {'max_depth': 5, 'n_estimators': 50}, 0.6112269446672013, 0.596875, 0.6431356168198272)
[DEBUG]: (RandomUnderSampler(), PCA(n_components=20), KNeighborsClassifier(), {'n_neighbors': 5}, 0.5859262229350441, 0.609375, 0.6358952937900306)
[DEBUG]: (RandomUnderSampler(), PCA(n_components=20), RadiusNeighborsClassifier(), {'radius': 20}, 0.5381582464581662, 0.4421875, 0.5242620439988861)
[DEBUG]: (RandomUnderSampler(), PCA(n_components=10), LogisticRegression(), {'C': 0.1, 'penalty': 'l2'}, 0.5382785351510292, 0.559375, 0.5430938457254247)
[DEBUG]: (RandomUnderSampler(), PCA(n_components=10), DecisionTreeClassifier(), {'criterion': 'log_loss', 'max_depth': 10}, 0.6125902165196472, 0.4703125, 0.5780771372876635)
[DEBUG]: (RandomUnderSampler(), PCA(n_components=10), AdaBoostClassifier(), {'estimator': RandomForestClassifier(), 'n_estimators': 25}, 0.6138198342689121, 0.559375, 0.6353383458646616)
[DEBUG]: (RandomUnderSampler(), PCA(n_components=10), RandomForestClassifier(), {'criterion': 'entropy', 'max_depth': 15}, 0.637997861534349, 0.6, 0.6413255360623782)
[DEBUG]: (RandomUnderSampler(), PCA(n_components=10), BaggingClassifier(), {'estimator': DecisionTreeClassifier(), 'n_estimators': 25}, 0.6298984228815824, 0.6171875, 0.6110763018657756)
[DEBUG]: (RandomUnderSampler(), PCA(n_components=10), GradientBoostingClassifier(), {'max_depth': 5, 'n_estimators': 50}, 0.6194466720128309, 0.6921875, 0.6598788638262323)
[DEBUG]: (RandomUnderSampler(), PCA(n_components=10), KNeighborsClassifier(), {'n_neighbors': 5}, 0.5858861267040897, 0.5703125, 0.6308479532163743)
[DEBUG]: (RandomUnderSampler(), PCA(n_components=10), RadiusNeighborsClassifier(), {'radius': 50}, 0.5224538893344026, 0.7078125, 0.5364452798663325)
[DEBUG]: (RandomUnderSampler(), PCA(n_components=5), LogisticRegression(), {'C': 1, 'penalty': 'l2'}, 0.5556669339748731, 0.575, 0.5377332219437483)
[DEBUG]: (RandomUnderSampler(), PCA(n_components=5), DecisionTreeClassifier(), {'criterion': 'log_loss', 'max_depth': 15}, 0.6310879443998931, 0.6921875, 0.6340504037872459)
[DEBUG]: (RandomUnderSampler(), PCA(n_components=5), AdaBoostClassifier(), {'estimator': RandomForestClassifier(), 'n_estimators': 50}, 0.6311547714514836, 0.6484375, 0.6630813143971038)
[DEBUG]: (RandomUnderSampler(), PCA(n_components=5), RandomForestClassifier(), {'criterion': 'entropy', 'max_depth': 10}, 0.6532344292969794, 0.653125, 0.6843497632971317)
[DEBUG]: (RandomUnderSampler(), PCA(n_components=5), BaggingClassifier(), {'estimator': DecisionTreeClassifier(), 'n_estimators': 50}, 0.6438920074846297, 0.68125, 0.6717488164856587)
[DEBUG]: (RandomUnderSampler(), PCA(n_components=5), GradientBoostingClassifier(), {'max_depth': 5, 'n_estimators': 50}, 0.6612536754878373, 0.621875, 0.6913812308549152)
[DEBUG]: (RandomUnderSampler(), PCA(n_components=5), KNeighborsClassifier(), {'n_neighbors': 5}, 0.6114006950013365, 0.6171875, 0.714390142021721)
[DEBUG]: (RandomUnderSampler(), PCA(n_components=5), RadiusNeighborsClassifier(), {'radius': 50}, 0.5424886394012296, 0.515625, 0.5795043163464216)
[DEBUG]: (RandomUnderSampler(), KernelPCA(kernel='rbf', n_components=5, n_jobs=20), LogisticRegression(), {'C': 10, 'penalty': 'l2'}, 0.5104250200481155, 0.3859375, 0.5014967975494291)
[DEBUG]: (RandomUnderSampler(), KernelPCA(kernel='rbf', n_components=5, n_jobs=20), DecisionTreeClassifier(), {'criterion': 'gini', 'max_depth': 15}, 0.6311547714514836, 0.6015625, 0.6680938457254246)
[DEBUG]: (RandomUnderSampler(), KernelPCA(kernel='rbf', n_components=5, n_jobs=20), AdaBoostClassifier(), {'estimator': RandomForestClassifier(), 'n_estimators': 10}, 0.675273990911521, 0.7125, 0.7053049289891395)
[DEBUG]: (RandomUnderSampler(), KernelPCA(kernel='rbf', n_components=5, n_jobs=20), RandomForestClassifier(), {'criterion': 'entropy', 'max_depth': 10}, 0.6450414327719861, 0.6921875, 0.6746379838485101)
[DEBUG]: (RandomUnderSampler(), KernelPCA(kernel='rbf', n_components=5, n_jobs=20), BaggingClassifier(), {'estimator': DecisionTreeClassifier(), 'n_estimators': 25}, 0.6623229083132852, 0.68125, 0.6680590364800891)
[DEBUG]: (RandomUnderSampler(), KernelPCA(kernel='rbf', n_components=5, n_jobs=20), GradientBoostingClassifier(), {'max_depth': 10, 'n_estimators': 25}, 0.645161721464849, 0.6640625, 0.6651002506265664)
[DEBUG]: (RandomUnderSampler(), KernelPCA(kernel='rbf', n_components=5, n_jobs=20), KNeighborsClassifier(), {'n_neighbors': 5}, 0.6483961507618283, 0.6375, 0.6638819270398217)
[DEBUG]: (RandomUnderSampler(), KernelPCA(kernel='rbf', n_components=5, n_jobs=20), RadiusNeighborsClassifier(), {'radius': 1}, 0.5, 0.83125, 0.5)
[DEBUG]: (RandomUnderSampler(), KernelPCA(kernel='rbf', n_components=10, n_jobs=20), LogisticRegression(), {'C': 0.1, 'penalty': 'l2'}, 0.5361133386794975, 0.5015625, 0.5046296296296297)
[DEBUG]: (RandomUnderSampler(), KernelPCA(kernel='rbf', n_components=10, n_jobs=20), DecisionTreeClassifier(), {'criterion': 'entropy', 'max_depth': 10}, 0.650975674953221, 0.7375, 0.6428571428571429)
[DEBUG]: (RandomUnderSampler(), KernelPCA(kernel='rbf', n_components=10, n_jobs=20), AdaBoostClassifier(), {'estimator': RandomForestClassifier(), 'n_estimators': 50}, 0.6717187917669072, 0.69375, 0.6792676134781398)
[DEBUG]: (RandomUnderSampler(), KernelPCA(kernel='rbf', n_components=10, n_jobs=20), RandomForestClassifier(), {'criterion': 'log_loss', 'max_depth': None}, 0.6762763966853782, 0.703125, 0.7107351712614871)
[DEBUG]: (RandomUnderSampler(), KernelPCA(kernel='rbf', n_components=10, n_jobs=20), BaggingClassifier(), {'estimator': DecisionTreeClassifier(), 'n_estimators': 25}, 0.6809008286554397, 0.703125, 0.6701475912002227)
[DEBUG]: (RandomUnderSampler(), KernelPCA(kernel='rbf', n_components=10, n_jobs=20), GradientBoostingClassifier(), {'max_depth': 5, 'n_estimators': 25}, 0.6683239775461106, 0.69375, 0.6645084934558618)
[DEBUG]: (RandomUnderSampler(), KernelPCA(kernel='rbf', n_components=10, n_jobs=20), KNeighborsClassifier(), {'n_neighbors': 5}, 0.6473670141673349, 0.6203125, 0.6756822612085769)
[DEBUG]: (RandomUnderSampler(), KernelPCA(kernel='rbf', n_components=10, n_jobs=20), RadiusNeighborsClassifier(), {'radius': 1}, 0.5, 0.83125, 0.5)
[DEBUG]: (RandomUnderSampler(), KernelPCA(kernel='poly', n_components=5, n_jobs=20), LogisticRegression(), {'C': 1, 'penalty': 'l2'}, 0.505800588078054, 0.5140625, 0.5084586466165414)
[DEBUG]: (RandomUnderSampler(), KernelPCA(kernel='poly', n_components=5, n_jobs=20), DecisionTreeClassifier(), {'criterion': 'entropy', 'max_depth': 15}, 0.6659449345094896, 0.7859375, 0.6941311612364244)
[DEBUG]: (RandomUnderSampler(), KernelPCA(kernel='poly', n_components=5, n_jobs=20), AdaBoostClassifier(), {'estimator': RandomForestClassifier(), 'n_estimators': 25}, 0.7042234696605185, 0.7171875, 0.7191938178780284)
[DEBUG]: (RandomUnderSampler(), KernelPCA(kernel='poly', n_components=5, n_jobs=20), RandomForestClassifier(), {'criterion': 'entropy', 'max_depth': 15}, 0.701937984496124, 0.7390625, 0.7434210526315791)
[DEBUG]: (RandomUnderSampler(), KernelPCA(kernel='poly', n_components=5, n_jobs=20), BaggingClassifier(), {'estimator': DecisionTreeClassifier(), 'n_estimators': 25}, 0.6786287089013632, 0.703125, 0.7107351712614871)
[DEBUG]: (RandomUnderSampler(), KernelPCA(kernel='poly', n_components=5, n_jobs=20), GradientBoostingClassifier(), {'max_depth': 5, 'n_estimators': 25}, 0.6820903501737503, 0.7171875, 0.700744917850181)
[DEBUG]: (RandomUnderSampler(), KernelPCA(kernel='poly', n_components=5, n_jobs=20), KNeighborsClassifier(), {'n_neighbors': 5}, 0.6219460037423149, 0.60625, 0.6672236145920356)
[DEBUG]: (RandomUnderSampler(), KernelPCA(kernel='poly', n_components=5, n_jobs=20), RadiusNeighborsClassifier(), {'radius': 20}, 0.5, 0.83125, 0.5)
[DEBUG]: (RandomUnderSampler(), KernelPCA(kernel='poly', n_components=10, n_jobs=20), LogisticRegression(), {'C': 0.1, 'penalty': 'l2'}, 0.5325314087142475, 0.334375, 0.4815510999721526)
[DEBUG]: (RandomUnderSampler(), KernelPCA(kernel='poly', n_components=10, n_jobs=20), DecisionTreeClassifier(), {'criterion': 'log_loss', 'max_depth': 15}, 0.6612536754878375, 0.7234375, 0.6823656363130046)
[DEBUG]: (RandomUnderSampler(), KernelPCA(kernel='poly', n_components=10, n_jobs=20), AdaBoostClassifier(), {'estimator': RandomForestClassifier(), 'n_estimators': 50}, 0.7193263833199679, 0.7171875, 0.7191938178780284)
[DEBUG]: (RandomUnderSampler(), KernelPCA(kernel='poly', n_components=10, n_jobs=20), RandomForestClassifier(), {'criterion': 'gini', 'max_depth': 15}, 0.6636460839347768, 0.7171875, 0.7376427179058759)
[DEBUG]: (RandomUnderSampler(), KernelPCA(kernel='poly', n_components=10, n_jobs=20), BaggingClassifier(), {'estimator': DecisionTreeClassifier(), 'n_estimators': 25}, 0.6868217054263566, 0.675, 0.6975076580339737)
[DEBUG]: (RandomUnderSampler(), KernelPCA(kernel='poly', n_components=10, n_jobs=20), GradientBoostingClassifier(), {'max_depth': 5, 'n_estimators': 10}, 0.6752606255012029, 0.6984375, 0.6894667223614592)
[DEBUG]: (RandomUnderSampler(), KernelPCA(kernel='poly', n_components=10, n_jobs=20), KNeighborsClassifier(), {'n_neighbors': 5}, 0.6472868217054264, 0.6296875, 0.6554928989139517)
[DEBUG]: (RandomUnderSampler(), KernelPCA(kernel='poly', n_components=10, n_jobs=20), RadiusNeighborsClassifier(), {'radius': 20}, 0.5, 0.83125, 0.5)
[DEBUG]: (RandomUnderSampler(), LocallyLinearEmbedding(n_components=10, n_jobs=20, n_neighbors=40), LogisticRegression(), {'C': 10, 'penalty': 'l2'}, 0.5233092755947608, 0.3703125, 0.5105472013366751)
[DEBUG]: (RandomUnderSampler(), LocallyLinearEmbedding(n_components=10, n_jobs=20, n_neighbors=40), DecisionTreeClassifier(), {'criterion': 'entropy', 'max_depth': None}, 0.6055867415129645, 0.61875, 0.5824979114452798)
[DEBUG]: (RandomUnderSampler(), LocallyLinearEmbedding(n_components=10, n_jobs=20, n_neighbors=40), AdaBoostClassifier(), {'estimator': RandomForestClassifier(), 'n_estimators': 50}, 0.6495723068698209, 0.678125, 0.6772486772486772)
[DEBUG]: (RandomUnderSampler(), LocallyLinearEmbedding(n_components=10, n_jobs=20, n_neighbors=40), RandomForestClassifier(), {'criterion': 'gini', 'max_depth': 15}, 0.6414995990376904, 0.6703125, 0.6356516290726818)
[DEBUG]: (RandomUnderSampler(), LocallyLinearEmbedding(n_components=10, n_jobs=20, n_neighbors=40), BaggingClassifier(), {'estimator': DecisionTreeClassifier(), 'n_estimators': 25}, 0.6391873830526598, 0.6515625, 0.6354427736006684)
[DEBUG]: (RandomUnderSampler(), LocallyLinearEmbedding(n_components=10, n_jobs=20, n_neighbors=40), GradientBoostingClassifier(), {'max_depth': 10, 'n_estimators': 10}, 0.6531141406041165, 0.7015625, 0.6433792815371763)
[DEBUG]: (RandomUnderSampler(), LocallyLinearEmbedding(n_components=10, n_jobs=20, n_neighbors=40), KNeighborsClassifier(), {'n_neighbors': 5}, 0.6149024325046779, 0.6234375, 0.629594820384294)
[DEBUG]: (RandomUnderSampler(), LocallyLinearEmbedding(n_components=10, n_jobs=20, n_neighbors=40), RadiusNeighborsClassifier(), {'radius': 1}, 0.5, 0.83125, 0.5)
[DEBUG]: (RandomUnderSampler(), LocallyLinearEmbedding(n_components=5, n_jobs=20, n_neighbors=40), LogisticRegression(), {'C': 0.1, 'penalty': 'l2'}, 0.5284950547981824, 0.3296875, 0.500870231133389)
[DEBUG]: (RandomUnderSampler(), LocallyLinearEmbedding(n_components=5, n_jobs=20, n_neighbors=40), DecisionTreeClassifier(), {'criterion': 'entropy', 'max_depth': None}, 0.6054129911788293, 0.653125, 0.632692843219159)
[DEBUG]: (RandomUnderSampler(), LocallyLinearEmbedding(n_components=5, n_jobs=20, n_neighbors=40), AdaBoostClassifier(), {'estimator': RandomForestClassifier(), 'n_estimators': 25}, 0.6264367816091955, 0.6828125, 0.6579295460874407)
[DEBUG]: (RandomUnderSampler(), LocallyLinearEmbedding(n_components=5, n_jobs=20, n_neighbors=40), RandomForestClassifier(), {'criterion': 'gini', 'max_depth': None}, 0.6101577118417535, 0.6546875, 0.6225633528265107)
[DEBUG]: (RandomUnderSampler(), LocallyLinearEmbedding(n_components=5, n_jobs=20, n_neighbors=40), BaggingClassifier(), {'estimator': RandomForestClassifier(), 'n_estimators': 10}, 0.6403635391606523, 0.634375, 0.6103453077137287)
[DEBUG]: (RandomUnderSampler(), LocallyLinearEmbedding(n_components=5, n_jobs=20, n_neighbors=40), GradientBoostingClassifier(), {'max_depth': 5, 'n_estimators': 25}, 0.6310077519379845, 0.625, 0.6379142300194932)
[DEBUG]: (RandomUnderSampler(), LocallyLinearEmbedding(n_components=5, n_jobs=20, n_neighbors=40), KNeighborsClassifier(), {'n_neighbors': 50}, 0.6114942528735632, 0.625, 0.5604288499025342)
[DEBUG]: (RandomUnderSampler(), LocallyLinearEmbedding(n_components=5, n_jobs=20, n_neighbors=40), RadiusNeighborsClassifier(), {'radius': 1}, 0.5, 0.83125, 0.5)
[DEBUG]: (RandomUnderSampler(), Isomap(n_components=5, n_jobs=20, n_neighbors=40), LogisticRegression(), {'C': 0.1, 'penalty': 'l2'}, 0.5093156909917135, 0.4484375, 0.5132623224728489)
[DEBUG]: (RandomUnderSampler(), Isomap(n_components=5, n_jobs=20, n_neighbors=40), DecisionTreeClassifier(), {'criterion': 'entropy', 'max_depth': 15}, 0.6078053996257685, 0.66875, 0.5719855193539405)
[DEBUG]: (RandomUnderSampler(), Isomap(n_components=5, n_jobs=20, n_neighbors=40), AdaBoostClassifier(), {'estimator': RandomForestClassifier(), 'n_estimators': 25}, 0.642822774659182, 0.615625, 0.6175160122528542)
[DEBUG]: (RandomUnderSampler(), Isomap(n_components=5, n_jobs=20, n_neighbors=40), RandomForestClassifier(), {'criterion': 'gini', 'max_depth': None}, 0.6137396418070035, 0.5515625, 0.5937412976886661)
[DEBUG]: (RandomUnderSampler(), Isomap(n_components=5, n_jobs=20, n_neighbors=40), BaggingClassifier(), {'estimator': DecisionTreeClassifier(), 'n_estimators': 50}, 0.6008553862603583, 0.63125, 0.6453634085213033)
[DEBUG]: (RandomUnderSampler(), Isomap(n_components=5, n_jobs=20, n_neighbors=40), GradientBoostingClassifier(), {'max_depth': 10, 'n_estimators': 50}, 0.6021785618818498, 0.6109375, 0.6073169033695349)
[DEBUG]: (RandomUnderSampler(), Isomap(n_components=5, n_jobs=20, n_neighbors=40), KNeighborsClassifier(), {'n_neighbors': 5}, 0.6135658914728682, 0.5640625, 0.5791214146477305)
[DEBUG]: (RandomUnderSampler(), Isomap(n_components=5, n_jobs=20, n_neighbors=40), RadiusNeighborsClassifier(), {'radius': 100}, 0.5388532477947073, 0.38125, 0.5577137287663603)
[DEBUG]: (ADASYN(), PCA(n_components=20), LogisticRegression(), {'C': 0.1, 'penalty': 'l2'}, 0.5649453818485031, 0.60625, 0.515942634363687)
[DEBUG]: (ADASYN(), PCA(n_components=20), DecisionTreeClassifier(), {'criterion': 'entropy', 'max_depth': None}, 0.7779585191733247, 0.75, 0.5876496797549429)
[DEBUG]: (ADASYN(), PCA(n_components=20), AdaBoostClassifier(), {'estimator': RandomForestClassifier(), 'n_estimators': 50}, 0.8669022795197199, 0.8078125, 0.5301796157059315)
[DEBUG]: (ADASYN(), PCA(n_components=20), RandomForestClassifier(), {'criterion': 'log_loss', 'max_depth': None}, 0.870785482528017, 0.8046875, 0.5319896964633808)
[DEBUG]: (ADASYN(), PCA(n_components=20), BaggingClassifier(), {'estimator': RandomForestClassifier(), 'n_estimators': 50}, 0.8550110261701853, 0.803125, 0.5089111668059038)
[DEBUG]: (ADASYN(), PCA(n_components=20), GradientBoostingClassifier(), {'max_depth': 10, 'n_estimators': 50}, 0.860132919701822, 0.8140625, 0.541318574213311)
[DEBUG]: (ADASYN(), PCA(n_components=20), KNeighborsClassifier(), {'n_neighbors': 5}, 0.9046021518639046, 0.840625, 0.6421609579504316)
[DEBUG]: (ADASYN(), PCA(n_components=20), RadiusNeighborsClassifier(), {'radius': 50}, 0.5246163616811719, 0.7703125, 0.5482108047897523)
[DEBUG]: (ADASYN(), PCA(n_components=10), LogisticRegression(), {'C': 1, 'penalty': 'l2'}, 0.5699005442762828, 0.628125, 0.5696881091617934)
[DEBUG]: (ADASYN(), PCA(n_components=10), DecisionTreeClassifier(), {'criterion': 'gini', 'max_depth': None}, 0.7633367209422502, 0.7390625, 0.558932052353105)
[DEBUG]: (ADASYN(), PCA(n_components=10), AdaBoostClassifier(), {'estimator': RandomForestClassifier(), 'n_estimators': 25}, 0.8268373578255291, 0.7890625, 0.5779379003063214)
[DEBUG]: (ADASYN(), PCA(n_components=10), RandomForestClassifier(), {'criterion': 'entropy', 'max_depth': None}, 0.8451856435213383, 0.796875, 0.5826371484266222)
[DEBUG]: (ADASYN(), PCA(n_components=10), BaggingClassifier(), {'estimator': DecisionTreeClassifier(), 'n_estimators': 50}, 0.8428523586579117, 0.7921875, 0.576127819548872)
[DEBUG]: (ADASYN(), PCA(n_components=10), GradientBoostingClassifier(), {'max_depth': 10, 'n_estimators': 50}, 0.8303625651212121, 0.80625, 0.6104149262043999)
[DEBUG]: (ADASYN(), PCA(n_components=10), KNeighborsClassifier(), {'n_neighbors': 5}, 0.8580216808762502, 0.7859375, 0.6719924812030075)
[DEBUG]: (ADASYN(), PCA(n_components=10), RadiusNeighborsClassifier(), {'radius': 50}, 0.5217346165744398, 0.7671875, 0.5463311055416319)
[DEBUG]: (ADASYN(), PCA(n_components=5), LogisticRegression(), {'C': 1, 'penalty': 'l2'}, 0.5549292122330696, 0.671875, 0.5443469785575049)
[DEBUG]: (ADASYN(), PCA(n_components=5), DecisionTreeClassifier(), {'criterion': 'log_loss', 'max_depth': None}, 0.7476162121749459, 0.734375, 0.6704956836535784)
[DEBUG]: (ADASYN(), PCA(n_components=5), AdaBoostClassifier(), {'estimator': RandomForestClassifier(), 'n_estimators': 10}, 0.8108662091837179, 0.7859375, 0.6646129211918685)
[DEBUG]: (ADASYN(), PCA(n_components=5), RandomForestClassifier(), {'criterion': 'entropy', 'max_depth': None}, 0.8094415761460645, 0.7796875, 0.6313352826510721)
[DEBUG]: (ADASYN(), PCA(n_components=5), BaggingClassifier(), {'estimator': DecisionTreeClassifier(), 'n_estimators': 50}, 0.804234790753835, 0.803125, 0.7229184071289335)
[DEBUG]: (ADASYN(), PCA(n_components=5), GradientBoostingClassifier(), {'max_depth': 10, 'n_estimators': 50}, 0.7853333218553269, 0.7984375, 0.6610623781676414)
[DEBUG]: (ADASYN(), PCA(n_components=5), KNeighborsClassifier(), {'n_neighbors': 5}, 0.7617177299017237, 0.7640625, 0.7068017265385685)
[DEBUG]: (ADASYN(), PCA(n_components=5), RadiusNeighborsClassifier(), {'radius': 50}, 0.5249091847999853, 0.765625, 0.5453912559175718)
[DEBUG]: (ADASYN(), KernelPCA(kernel='rbf', n_components=5, n_jobs=20), LogisticRegression(), {'C': 10, 'penalty': 'l2'}, 0.5702500512501422, 0.4328125, 0.48541492620439985)
[DEBUG]: (ADASYN(), KernelPCA(kernel='rbf', n_components=5, n_jobs=20), DecisionTreeClassifier(), {'criterion': 'entropy', 'max_depth': 15}, 0.8683185211674335, 0.846875, 0.6311612364243944)
[DEBUG]: (ADASYN(), KernelPCA(kernel='rbf', n_components=5, n_jobs=20), AdaBoostClassifier(), {'estimator': RandomForestClassifier(), 'n_estimators': 25}, 0.8881701367153253, 0.840625, 0.6274018379281537)
[DEBUG]: (ADASYN(), KernelPCA(kernel='rbf', n_components=5, n_jobs=20), RandomForestClassifier(), {'criterion': 'log_loss', 'max_depth': None}, 0.8805874115588936, 0.8359375, 0.6208925090504038)
[DEBUG]: (ADASYN(), KernelPCA(kernel='rbf', n_components=5, n_jobs=20), BaggingClassifier(), {'estimator': RandomForestClassifier(), 'n_estimators': 25}, 0.8838951635648037, 0.8390625, 0.6190824282929546)
[DEBUG]: (ADASYN(), KernelPCA(kernel='rbf', n_components=5, n_jobs=20), GradientBoostingClassifier(), {'max_depth': 10, 'n_estimators': 25}, 0.8716192915461581, 0.8296875, 0.6023739905318852)
[DEBUG]: (ADASYN(), KernelPCA(kernel='rbf', n_components=5, n_jobs=20), KNeighborsClassifier(), {'n_neighbors': 5}, 0.8820487937579433, 0.828125, 0.63833194096352)
[DEBUG]: (ADASYN(), KernelPCA(kernel='rbf', n_components=5, n_jobs=20), RadiusNeighborsClassifier(), {'radius': 1}, 0.5, 0.83125, 0.5)
[DEBUG]: (ADASYN(), KernelPCA(kernel='rbf', n_components=10, n_jobs=20), LogisticRegression(), {'C': 0.1, 'penalty': 'l2'}, 0.6089116273885461, 0.5578125, 0.49049707602339176)
[DEBUG]: (ADASYN(), KernelPCA(kernel='rbf', n_components=10, n_jobs=20), DecisionTreeClassifier(), {'criterion': 'entropy', 'max_depth': 15}, 0.8730019616159499, 0.8203125, 0.5819757727652465)
[DEBUG]: (ADASYN(), KernelPCA(kernel='rbf', n_components=10, n_jobs=20), AdaBoostClassifier(), {'estimator': RandomForestClassifier(), 'n_estimators': 50}, 0.9029410834909465, 0.8390625, 0.5969437482595377)
[DEBUG]: (ADASYN(), KernelPCA(kernel='rbf', n_components=10, n_jobs=20), RandomForestClassifier(), {'criterion': 'entropy', 'max_depth': None}, 0.9096591964581469, 0.8421875, 0.5914438874965191)
[DEBUG]: (ADASYN(), KernelPCA(kernel='rbf', n_components=10, n_jobs=20), BaggingClassifier(), {'estimator': RandomForestClassifier(), 'n_estimators': 10}, 0.8978322273839275, 0.8328125, 0.5710456697298802)
[DEBUG]: (ADASYN(), KernelPCA(kernel='rbf', n_components=10, n_jobs=20), GradientBoostingClassifier(), {'max_depth': 10, 'n_estimators': 50}, 0.8967896676960712, 0.8234375, 0.5654065719855194)
[DEBUG]: (ADASYN(), KernelPCA(kernel='rbf', n_components=10, n_jobs=20), KNeighborsClassifier(), {'n_neighbors': 5}, 0.899853047799229, 0.8546875, 0.6469298245614035)
[DEBUG]: (ADASYN(), KernelPCA(kernel='rbf', n_components=10, n_jobs=20), RadiusNeighborsClassifier(), {'radius': 1}, 0.5, 0.83125, 0.5)
[DEBUG]: (ADASYN(), KernelPCA(kernel='poly', n_components=5, n_jobs=20), LogisticRegression(), {'C': 1, 'penalty': 'l2'}, 0.5443476089478823, 0.35, 0.49463937621832355)
[DEBUG]: (ADASYN(), KernelPCA(kernel='poly', n_components=5, n_jobs=20), DecisionTreeClassifier(), {'criterion': 'gini', 'max_depth': None}, 0.7774093622838516, 0.7640625, 0.7031119465329992)
[DEBUG]: (ADASYN(), KernelPCA(kernel='poly', n_components=5, n_jobs=20), AdaBoostClassifier(), {'estimator': RandomForestClassifier(), 'n_estimators': 25}, 0.8199656572662508, 0.809375, 0.7414369256474519)
[DEBUG]: (ADASYN(), KernelPCA(kernel='poly', n_components=5, n_jobs=20), RandomForestClassifier(), {'criterion': 'entropy', 'max_depth': None}, 0.8191885372838398, 0.8203125, 0.7517056530214424)
[DEBUG]: (ADASYN(), KernelPCA(kernel='poly', n_components=5, n_jobs=20), BaggingClassifier(), {'estimator': RandomForestClassifier(), 'n_estimators': 50}, 0.8138054613938135, 0.8125, 0.7470064049011417)
[DEBUG]: (ADASYN(), KernelPCA(kernel='poly', n_components=5, n_jobs=20), GradientBoostingClassifier(), {'max_depth': 10, 'n_estimators': 50}, 0.7888862825158431, 0.803125, 0.7266081871345029)
[DEBUG]: (ADASYN(), KernelPCA(kernel='poly', n_components=5, n_jobs=20), KNeighborsClassifier(), {'n_neighbors': 5}, 0.7765848527944716, 0.7859375, 0.7642369813422445)
[DEBUG]: (ADASYN(), KernelPCA(kernel='poly', n_components=5, n_jobs=20), RadiusNeighborsClassifier(), {'radius': 1}, 0.5001663493757493, 0.4390625, 0.5002436647173489)
[DEBUG]: (ADASYN(), KernelPCA(kernel='poly', n_components=10, n_jobs=20), LogisticRegression(), {'C': 0.1, 'penalty': 'l2'}, 0.536646655470287, 0.428125, 0.5121136173767753)
[DEBUG]: (ADASYN(), KernelPCA(kernel='poly', n_components=10, n_jobs=20), DecisionTreeClassifier(), {'criterion': 'log_loss', 'max_depth': None}, 0.7899543417568202, 0.76875, 0.6911723753829017)
[DEBUG]: (ADASYN(), KernelPCA(kernel='poly', n_components=10, n_jobs=20), AdaBoostClassifier(), {'estimator': RandomForestClassifier(), 'n_estimators': 10}, 0.840194150204216, 0.8375, 0.7325257588415482)
[DEBUG]: (ADASYN(), KernelPCA(kernel='poly', n_components=10, n_jobs=20), RandomForestClassifier(), {'criterion': 'gini', 'max_depth': None}, 0.842611842456391, 0.81875, 0.7027986633249791)
[DEBUG]: (ADASYN(), KernelPCA(kernel='poly', n_components=10, n_jobs=20), BaggingClassifier(), {'estimator': DecisionTreeClassifier(), 'n_estimators': 50}, 0.8474447990767529, 0.825, 0.7213171818434977)
[DEBUG]: (ADASYN(), KernelPCA(kernel='poly', n_components=10, n_jobs=20), GradientBoostingClassifier(), {'max_depth': 10, 'n_estimators': 50}, 0.8135090504891334, 0.8, 0.6915204678362572)
[DEBUG]: (ADASYN(), KernelPCA(kernel='poly', n_components=10, n_jobs=20), KNeighborsClassifier(), {'n_neighbors': 5}, 0.7699786749419456, 0.73125, 0.7165831244778613)
[DEBUG]: (ADASYN(), KernelPCA(kernel='poly', n_components=10, n_jobs=20), RadiusNeighborsClassifier(), {'radius': 1}, 0.5013066199745524, 0.546875, 0.5392648287385129)
[DEBUG]: (ADASYN(), LocallyLinearEmbedding(n_components=10, n_jobs=20, n_neighbors=40), LogisticRegression(), {'C': 1, 'penalty': 'l2'}, 0.5872184594789924, 0.7953125, 0.5337301587301587)
[DEBUG]: (ADASYN(), LocallyLinearEmbedding(n_components=10, n_jobs=20, n_neighbors=40), DecisionTreeClassifier(), {'criterion': 'log_loss', 'max_depth': None}, 0.8827042846638014, 0.7734375, 0.5611598440545809)
[DEBUG]: (ADASYN(), LocallyLinearEmbedding(n_components=10, n_jobs=20, n_neighbors=40), AdaBoostClassifier(), {'estimator': RandomForestClassifier(), 'n_estimators': 25}, 0.926562309723886, 0.80625, 0.5624477861319966)
[DEBUG]: (ADASYN(), LocallyLinearEmbedding(n_components=10, n_jobs=20, n_neighbors=40), RandomForestClassifier(), {'criterion': 'log_loss', 'max_depth': None}, 0.9084028747238131, 0.79375, 0.5401698691172376)
[DEBUG]: (ADASYN(), LocallyLinearEmbedding(n_components=10, n_jobs=20, n_neighbors=40), BaggingClassifier(), {'estimator': DecisionTreeClassifier(), 'n_estimators': 50}, 0.9174100412975162, 0.7984375, 0.5540587580061264)
[DEBUG]: (ADASYN(), LocallyLinearEmbedding(n_components=10, n_jobs=20, n_neighbors=40), GradientBoostingClassifier(), {'max_depth': 10, 'n_estimators': 50}, 0.9028628674478736, 0.803125, 0.5384294068504595)
[DEBUG]: (ADASYN(), LocallyLinearEmbedding(n_components=10, n_jobs=20, n_neighbors=40), KNeighborsClassifier(), {'n_neighbors': 5}, 0.8774675994026996, 0.809375, 0.5606377053745475)
[DEBUG]: (ADASYN(), LocallyLinearEmbedding(n_components=10, n_jobs=20, n_neighbors=40), RadiusNeighborsClassifier(), {'radius': 1}, 0.5, 0.83125, 0.5)
[DEBUG]: (ADASYN(), LocallyLinearEmbedding(n_components=5, n_jobs=20, n_neighbors=40), LogisticRegression(), {'C': 10, 'penalty': 'l2'}, 0.5575530405391302, 0.7109375, 0.5420147591200223)
[DEBUG]: (ADASYN(), LocallyLinearEmbedding(n_components=5, n_jobs=20, n_neighbors=40), DecisionTreeClassifier(), {'criterion': 'entropy', 'max_depth': 15}, 0.8325608104937074, 0.759375, 0.5231829573934837)
[DEBUG]: (ADASYN(), LocallyLinearEmbedding(n_components=5, n_jobs=20, n_neighbors=40), AdaBoostClassifier(), {'estimator': RandomForestClassifier(), 'n_estimators': 10}, 0.8919171576711721, 0.80625, 0.595655806182122)
[DEBUG]: (ADASYN(), LocallyLinearEmbedding(n_components=5, n_jobs=20, n_neighbors=40), RandomForestClassifier(), {'criterion': 'gini', 'max_depth': None}, 0.8800275506884307, 0.7828125, 0.537280701754386)
[DEBUG]: (ADASYN(), LocallyLinearEmbedding(n_components=5, n_jobs=20, n_neighbors=40), BaggingClassifier(), {'estimator': RandomForestClassifier(), 'n_estimators': 25}, 0.8689635820842578, 0.7703125, 0.5334516847674743)
[DEBUG]: (ADASYN(), LocallyLinearEmbedding(n_components=5, n_jobs=20, n_neighbors=40), GradientBoostingClassifier(), {'max_depth': 10, 'n_estimators': 50}, 0.874420542069753, 0.7671875, 0.5057435254803676)
[DEBUG]: (ADASYN(), LocallyLinearEmbedding(n_components=5, n_jobs=20, n_neighbors=40), KNeighborsClassifier(), {'n_neighbors': 5}, 0.8382186081542313, 0.771875, 0.5270119743803954)
[DEBUG]: (ADASYN(), LocallyLinearEmbedding(n_components=5, n_jobs=20, n_neighbors=40), RadiusNeighborsClassifier(), {'radius': 1}, 0.5, 0.83125, 0.5)
[DEBUG]: (ADASYN(), Isomap(n_components=5, n_jobs=20, n_neighbors=40), LogisticRegression(), {'C': 0.1, 'penalty': 'l2'}, 0.6195738990370024, 0.6734375, 0.5600459482038429)
[DEBUG]: (ADASYN(), Isomap(n_components=5, n_jobs=20, n_neighbors=40), DecisionTreeClassifier(), {'criterion': 'gini', 'max_depth': None}, 0.8335779353999756, 0.7484375, 0.5645711500974658)
[DEBUG]: (ADASYN(), Isomap(n_components=5, n_jobs=20, n_neighbors=40), AdaBoostClassifier(), {'estimator': RandomForestClassifier(), 'n_estimators': 25}, 0.8864370803512184, 0.796875, 0.5494291283764969)
[DEBUG]: (ADASYN(), Isomap(n_components=5, n_jobs=20, n_neighbors=40), RandomForestClassifier(), {'criterion': 'entropy', 'max_depth': None}, 0.8909416176791783, 0.796875, 0.5789473684210527)
[DEBUG]: (ADASYN(), Isomap(n_components=5, n_jobs=20, n_neighbors=40), BaggingClassifier(), {'estimator': RandomForestClassifier(), 'n_estimators': 50}, 0.8850646521947574, 0.7921875, 0.5613686995265943)
[DEBUG]: (ADASYN(), Isomap(n_components=5, n_jobs=20, n_neighbors=40), GradientBoostingClassifier(), {'max_depth': 10, 'n_estimators': 50}, 0.8835347828938674, 0.7921875, 0.5945767195767195)
[DEBUG]: (ADASYN(), Isomap(n_components=5, n_jobs=20, n_neighbors=40), KNeighborsClassifier(), {'n_neighbors': 5}, 0.8769886938391718, 0.8171875, 0.6133040935672515)
[DEBUG]: (ADASYN(), Isomap(n_components=5, n_jobs=20, n_neighbors=40), RadiusNeighborsClassifier(), {'radius': 100}, 0.5854842394086452, 0.653125, 0.5367585630743525)
