2023-09-04 23:00:49,760 - p89019: root - [DEBUG]: (RandomUnderSampler(), PCA(n_components=5), AdaBoostClassifier(), {'estimator': RandomForestClassifier(criterion='log_loss', max_depth=5), 'estimator__criterion': 'log_loss', 'estimator__max_depth': 5, 'n_estimators': 25}, 0.6498529804865008, 0.6375, 0.6860206070732386)
2023-09-04 23:00:50,665 - p89019: root - [DEBUG]: (RandomUnderSampler(), PCA(n_components=5), RandomForestClassifier(), {'criterion': 'gini', 'max_depth': 15}, 0.6741379310344827, 0.640625, 0.702659426343637)
2023-09-04 23:01:57,956 - p89019: root - [DEBUG]: (RandomUnderSampler(), PCA(n_components=5), BaggingClassifier(), {'estimator': RandomForestClassifier(max_depth=15), 'estimator__criterion': 'gini', 'estimator__max_depth': 15, 'n_estimators': 50}, 0.6531943330660251, 0.621875, 0.6581732108047896)
2023-09-04 23:01:59,264 - p89019: root - [DEBUG]: (RandomUnderSampler(), PCA(n_components=5), GradientBoostingClassifier(), {'max_depth': 10, 'n_estimators': 50}, 0.6589548249131247, 0.615625, 0.6507240323029797)
2023-09-04 23:01:59,360 - p89019: root - [DEBUG]: (RandomUnderSampler(), PCA(n_components=5), KNeighborsClassifier(), {'n_neighbors': 2}, 0.669353114140604, 0.7484375, 0.6383667502088556)
2023-09-04 23:02:40,478 - p89019: root - [DEBUG]: (RandomUnderSampler(), PCA(n_components=3), AdaBoostClassifier(), {'estimator': RandomForestClassifier(), 'estimator__criterion': 'gini', 'estimator__max_depth': None, 'n_estimators': 10}, 0.6880245923549853, 0.6453125, 0.6575118351434142)
2023-09-04 23:02:41,165 - p89019: root - [DEBUG]: (RandomUnderSampler(), PCA(n_components=3), RandomForestClassifier(), {'criterion': 'gini', 'max_depth': None}, 0.6832665062817428, 0.6890625, 0.6727582846003899)
2023-09-04 23:03:42,068 - p89019: root - [DEBUG]: (RandomUnderSampler(), PCA(n_components=3), BaggingClassifier(), {'estimator': DecisionTreeClassifier(max_depth=15), 'estimator__criterion': 'gini', 'estimator__max_depth': 15, 'n_estimators': 50}, 0.6962309542902967, 0.64375, 0.6787106655527708)
2023-09-04 23:03:43,075 - p89019: root - [DEBUG]: (RandomUnderSampler(), PCA(n_components=3), GradientBoostingClassifier(), {'max_depth': 5, 'n_estimators': 70}, 0.7029938519112536, 0.6671875, 0.6891186299081036)
2023-09-04 23:03:43,143 - p89019: root - [DEBUG]: (RandomUnderSampler(), PCA(n_components=3), KNeighborsClassifier(), {'n_neighbors': 2}, 0.6845495856722801, 0.7859375, 0.6867516012252856)
2023-09-04 23:04:35,730 - p89019: root - [DEBUG]: (RandomUnderSampler(), KernelPCA(kernel='rbf', n_components=5, n_jobs=30), AdaBoostClassifier(), {'estimator': RandomForestClassifier(criterion='entropy'), 'estimator__criterion': 'entropy', 'estimator__max_depth': None, 'n_estimators': 50}, 0.7112135792568832, 0.6640625, 0.6208228905597326)
2023-09-04 23:04:37,415 - p89019: root - [DEBUG]: (RandomUnderSampler(), KernelPCA(kernel='rbf', n_components=5, n_jobs=30), RandomForestClassifier(), {'criterion': 'gini', 'max_depth': 15}, 0.6808874632451215, 0.6296875, 0.6370439988861041)
2023-09-04 23:05:36,549 - p89019: root - [DEBUG]: (RandomUnderSampler(), KernelPCA(kernel='rbf', n_components=5, n_jobs=30), BaggingClassifier(), {'estimator': DecisionTreeClassifier(max_depth=15), 'estimator__criterion': 'gini', 'estimator__max_depth': 15, 'n_estimators': 50}, 0.6775728414862335, 0.6359375, 0.6629420774157616)
2023-09-04 23:05:38,480 - p89019: root - [DEBUG]: (RandomUnderSampler(), KernelPCA(kernel='rbf', n_components=5, n_jobs=30), GradientBoostingClassifier(), {'max_depth': 10, 'n_estimators': 25}, 0.6439721999465382, 0.646875, 0.6215538847117795)
2023-09-04 23:05:39,401 - p89019: root - [DEBUG]: (RandomUnderSampler(), KernelPCA(kernel='rbf', n_components=5, n_jobs=30), KNeighborsClassifier(), {'n_neighbors': 3}, 0.6962042234696606, 0.6203125, 0.6461640211640212)
2023-09-04 23:06:21,317 - p89019: root - [DEBUG]: (RandomUnderSampler(), KernelPCA(kernel='rbf', n_components=3, n_jobs=30), AdaBoostClassifier(), {'estimator': DecisionTreeClassifier(criterion='entropy', max_depth=5), 'estimator__criterion': 'entropy', 'estimator__max_depth': 5, 'n_estimators': 50}, 0.6531943330660251, 0.6296875, 0.6001461988304094)
2023-09-04 23:06:22,546 - p89019: root - [DEBUG]: (RandomUnderSampler(), KernelPCA(kernel='rbf', n_components=3, n_jobs=30), RandomForestClassifier(), {'criterion': 'gini', 'max_depth': 10}, 0.6914862336273724, 0.6421875, 0.6371832358674464)
2023-09-04 23:07:23,732 - p89019: root - [DEBUG]: (RandomUnderSampler(), KernelPCA(kernel='rbf', n_components=3, n_jobs=30), BaggingClassifier(), {'estimator': DecisionTreeClassifier(criterion='log_loss', max_depth=15), 'estimator__criterion': 'log_loss', 'estimator__max_depth': 15, 'n_estimators': 25}, 0.6740176423416198, 0.6609375, 0.6632205513784462)
2023-09-04 23:07:25,759 - p89019: root - [DEBUG]: (RandomUnderSampler(), KernelPCA(kernel='rbf', n_components=3, n_jobs=30), GradientBoostingClassifier(), {'max_depth': 20, 'n_estimators': 50}, 0.6658647420475807, 0.609375, 0.5953077137287663)
2023-09-04 23:07:26,773 - p89019: root - [DEBUG]: (RandomUnderSampler(), KernelPCA(kernel='rbf', n_components=3, n_jobs=30), KNeighborsClassifier(), {'n_neighbors': 2}, 0.6903635391606522, 0.7671875, 0.6607142857142857)
2023-09-04 23:08:15,991 - p89019: root - [DEBUG]: (RandomUnderSampler(), KernelPCA(kernel='poly', n_components=5, n_jobs=30), AdaBoostClassifier(), {'estimator': DecisionTreeClassifier(criterion='log_loss', max_depth=10), 'estimator__criterion': 'log_loss', 'estimator__max_depth': 10, 'n_estimators': 25}, 0.7216252338946806, 0.653125, 0.6622110832637149)
2023-09-04 23:08:17,536 - p89019: root - [DEBUG]: (RandomUnderSampler(), KernelPCA(kernel='poly', n_components=5, n_jobs=30), RandomForestClassifier(), {'criterion': 'entropy', 'max_depth': 15}, 0.7193932103715583, 0.690625, 0.7142857142857143)
2023-09-04 23:09:26,357 - p89019: root - [DEBUG]: (RandomUnderSampler(), KernelPCA(kernel='poly', n_components=5, n_jobs=30), BaggingClassifier(), {'estimator': RandomForestClassifier(criterion='entropy'), 'estimator__criterion': 'entropy', 'estimator__max_depth': None, 'n_estimators': 50}, 0.706642608928094, 0.675, 0.6901280980228348)
2023-09-04 23:09:28,282 - p89019: root - [DEBUG]: (RandomUnderSampler(), KernelPCA(kernel='poly', n_components=5, n_jobs=30), GradientBoostingClassifier(), {'max_depth': 30, 'n_estimators': 25}, 0.6833066025126971, 0.609375, 0.6211361737677527)
2023-09-04 23:09:29,155 - p89019: root - [DEBUG]: (RandomUnderSampler(), KernelPCA(kernel='poly', n_components=5, n_jobs=30), KNeighborsClassifier(), {'n_neighbors': 2}, 0.6996524993317296, 0.771875, 0.700431634642161)
2023-09-04 23:10:10,948 - p89019: root - [DEBUG]: (RandomUnderSampler(), KernelPCA(kernel='poly', n_components=3, n_jobs=30), AdaBoostClassifier(), {'estimator': RandomForestClassifier(criterion='entropy'), 'estimator__criterion': 'entropy', 'estimator__max_depth': None, 'n_estimators': 10}, 0.7064688585939588, 0.678125, 0.7030771372876636)
2023-09-04 23:10:12,557 - p89019: root - [DEBUG]: (RandomUnderSampler(), KernelPCA(kernel='poly', n_components=3, n_jobs=30), RandomForestClassifier(), {'criterion': 'entropy', 'max_depth': 15}, 0.6835338144881047, 0.6578125, 0.7056182121971595)
2023-09-04 23:11:13,309 - p89019: root - [DEBUG]: (RandomUnderSampler(), KernelPCA(kernel='poly', n_components=3, n_jobs=30), BaggingClassifier(), {'estimator': DecisionTreeClassifier(), 'estimator__criterion': 'gini', 'estimator__max_depth': None, 'n_estimators': 10}, 0.6962576851109329, 0.7015625, 0.6728975215817321)
2023-09-04 23:11:15,067 - p89019: root - [DEBUG]: (RandomUnderSampler(), KernelPCA(kernel='poly', n_components=3, n_jobs=30), GradientBoostingClassifier(), {'max_depth': 20, 'n_estimators': 25}, 0.6845495856722801, 0.65625, 0.6456418824839877)
2023-09-04 23:11:16,155 - p89019: root - [DEBUG]: (RandomUnderSampler(), KernelPCA(kernel='poly', n_components=3, n_jobs=30), KNeighborsClassifier(), {'n_neighbors': 2}, 0.661320502539428, 0.7640625, 0.6920426065162908)
2023-09-04 23:12:05,260 - p89019: root - [DEBUG]: (RandomUnderSampler(), LocallyLinearEmbedding(n_components=5, n_jobs=30, n_neighbors=10), AdaBoostClassifier(), {'estimator': DecisionTreeClassifier(criterion='log_loss', max_depth=5), 'estimator__criterion': 'log_loss', 'estimator__max_depth': 5, 'n_estimators': 25}, 0.5697006148088747, 0.5609375, 0.5698621553884713)
2023-09-04 23:12:06,417 - p89019: root - [DEBUG]: (RandomUnderSampler(), LocallyLinearEmbedding(n_components=5, n_jobs=30, n_neighbors=10), RandomForestClassifier(), {'criterion': 'entropy', 'max_depth': 15}, 0.5521117348302593, 0.6078125, 0.6128167641325536)
2023-09-04 23:13:06,389 - p89019: root - [DEBUG]: (RandomUnderSampler(), LocallyLinearEmbedding(n_components=5, n_jobs=30, n_neighbors=10), BaggingClassifier(), {'estimator': DecisionTreeClassifier(criterion='log_loss'), 'estimator__criterion': 'log_loss', 'estimator__max_depth': None, 'n_estimators': 10}, 0.591579791499599, 0.5859375, 0.5885895293790031)
2023-09-04 23:13:08,073 - p89019: root - [DEBUG]: (RandomUnderSampler(), LocallyLinearEmbedding(n_components=5, n_jobs=30, n_neighbors=10), GradientBoostingClassifier(), {'max_depth': 20, 'n_estimators': 50}, 0.5800187115744453, 0.534375, 0.5354358117516013)
2023-09-04 23:13:08,447 - p89019: root - [DEBUG]: (RandomUnderSampler(), LocallyLinearEmbedding(n_components=5, n_jobs=30, n_neighbors=10), KNeighborsClassifier(), {'n_neighbors': 20}, 0.5753942796043838, 0.5515625, 0.5605332776385408)
2023-09-04 23:14:37,982 - p89019: root - [DEBUG]: (ADASYN(sampling_strategy=0.5), PCA(n_components=5), AdaBoostClassifier(), {'estimator': RandomForestClassifier(max_depth=5), 'estimator__criterion': 'gini', 'estimator__max_depth': 5, 'n_estimators': 70}, 0.76743076207503, 0.828125, 0.6457115009746588)
2023-09-04 23:14:40,912 - p89019: root - [DEBUG]: (ADASYN(sampling_strategy=0.5), PCA(n_components=5), RandomForestClassifier(), {'criterion': 'log_loss', 'max_depth': None}, 0.7614355586563758, 0.828125, 0.6346421609579505)
2023-09-04 23:17:05,198 - p89019: root - [DEBUG]: (ADASYN(sampling_strategy=0.5), PCA(n_components=5), BaggingClassifier(), {'estimator': DecisionTreeClassifier(criterion='log_loss'), 'estimator__criterion': 'log_loss', 'estimator__max_depth': None, 'n_estimators': 25}, 0.7800593613279263, 0.8125, 0.6104845446950711)
2023-09-04 23:17:12,606 - p89019: root - [DEBUG]: (ADASYN(sampling_strategy=0.5), PCA(n_components=5), GradientBoostingClassifier(), {'max_depth': 20, 'n_estimators': 70}, 0.7604728847803022, 0.8265625, 0.6447716513505987)
2023-09-04 23:17:12,930 - p89019: root - [DEBUG]: (ADASYN(sampling_strategy=0.5), PCA(n_components=5), KNeighborsClassifier(), {'n_neighbors': 3}, 0.7663129551301618, 0.815625, 0.6898496240601504)
2023-09-04 23:18:06,785 - p89019: root - [DEBUG]: (ADASYN(sampling_strategy=0.5), PCA(n_components=3), AdaBoostClassifier(), {'estimator': RandomForestClassifier(criterion='entropy'), 'estimator__criterion': 'entropy', 'estimator__max_depth': None, 'n_estimators': 25}, 0.7628079477899388, 0.83125, 0.7029379003063213)
2023-09-04 23:18:08,611 - p89019: root - [DEBUG]: (ADASYN(sampling_strategy=0.5), PCA(n_components=3), RandomForestClassifier(), {'criterion': 'log_loss', 'max_depth': None}, 0.7577155481911074, 0.821875, 0.6936090225563911)
2023-09-04 23:19:45,930 - p89019: root - [DEBUG]: (ADASYN(sampling_strategy=0.5), PCA(n_components=3), BaggingClassifier(), {'estimator': DecisionTreeClassifier(criterion='entropy'), 'estimator__criterion': 'entropy', 'estimator__max_depth': None, 'n_estimators': 70}, 0.7628461169493742, 0.8296875, 0.7056878306878308)
2023-09-04 23:19:49,896 - p89019: root - [DEBUG]: (ADASYN(sampling_strategy=0.5), PCA(n_components=3), GradientBoostingClassifier(), {'max_depth': 10, 'n_estimators': 70}, 0.739262954403407, 0.8359375, 0.690998329156224)
2023-09-04 23:19:50,183 - p89019: root - [DEBUG]: (ADASYN(sampling_strategy=0.5), PCA(n_components=3), KNeighborsClassifier(), {'n_neighbors': 3}, 0.728062951496388, 0.76875, 0.6837928153717627)
2023-09-04 23:20:56,054 - p89019: root - [DEBUG]: (ADASYN(sampling_strategy=0.5), KernelPCA(kernel='rbf', n_components=5, n_jobs=30), AdaBoostClassifier(), {'estimator': DecisionTreeClassifier(max_depth=10), 'estimator__criterion': 'gini', 'estimator__max_depth': 10, 'n_estimators': 50}, 0.8395783514295265, 0.834375, 0.6236424394319131)
2023-09-04 23:21:00,151 - p89019: root - [DEBUG]: (ADASYN(sampling_strategy=0.5), KernelPCA(kernel='rbf', n_components=5, n_jobs=30), RandomForestClassifier(), {'criterion': 'entropy', 'max_depth': None}, 0.8340528786755621, 0.8375, 0.607073238652186)
2023-09-04 23:23:16,446 - p89019: root - [DEBUG]: (ADASYN(sampling_strategy=0.5), KernelPCA(kernel='rbf', n_components=5, n_jobs=30), BaggingClassifier(), {'estimator': DecisionTreeClassifier(criterion='entropy'), 'estimator__criterion': 'entropy', 'estimator__max_depth': None, 'n_estimators': 25}, 0.8330027180627624, 0.8390625, 0.615392648287385)
2023-09-04 23:23:23,902 - p89019: root - [DEBUG]: (ADASYN(sampling_strategy=0.5), KernelPCA(kernel='rbf', n_components=5, n_jobs=30), GradientBoostingClassifier(), {'max_depth': 20, 'n_estimators': 70}, 0.8234957775549063, 0.8328125, 0.6300821498189918)
2023-09-04 23:23:25,433 - p89019: root - [DEBUG]: (ADASYN(sampling_strategy=0.5), KernelPCA(kernel='rbf', n_components=5, n_jobs=30), KNeighborsClassifier(), {'n_neighbors': 3}, 0.8255310106251544, 0.8453125, 0.6744987468671679)
2023-09-04 23:24:12,420 - p89019: root - [DEBUG]: (ADASYN(sampling_strategy=0.5), KernelPCA(kernel='rbf', n_components=3, n_jobs=30), AdaBoostClassifier(), {'estimator': DecisionTreeClassifier(criterion='entropy', max_depth=10), 'estimator__criterion': 'entropy', 'estimator__max_depth': 10, 'n_estimators': 70}, 0.825423131150162, 0.8234375, 0.6023043720412142)
2023-09-04 23:24:15,650 - p89019: root - [DEBUG]: (ADASYN(sampling_strategy=0.5), KernelPCA(kernel='rbf', n_components=3, n_jobs=30), RandomForestClassifier(), {'criterion': 'log_loss', 'max_depth': None}, 0.8140504077094143, 0.8359375, 0.6024436090225563)
2023-09-04 23:25:52,086 - p89019: root - [DEBUG]: (ADASYN(sampling_strategy=0.5), KernelPCA(kernel='rbf', n_components=3, n_jobs=30), BaggingClassifier(), {'estimator': DecisionTreeClassifier(criterion='log_loss'), 'estimator__criterion': 'log_loss', 'estimator__max_depth': None, 'n_estimators': 70}, 0.8173363420979957, 0.8390625, 0.6264619883040936)
2023-09-04 23:25:56,815 - p89019: root - [DEBUG]: (ADASYN(sampling_strategy=0.5), KernelPCA(kernel='rbf', n_components=3, n_jobs=30), GradientBoostingClassifier(), {'max_depth': 10, 'n_estimators': 50}, 0.8108359423828834, 0.8296875, 0.583925090504038)
2023-09-04 23:25:58,642 - p89019: root - [DEBUG]: (ADASYN(sampling_strategy=0.5), KernelPCA(kernel='rbf', n_components=3, n_jobs=30), KNeighborsClassifier(), {'n_neighbors': 3}, 0.8154433930725737, 0.840625, 0.660609857978279)
2023-09-04 23:27:08,002 - p89019: root - [DEBUG]: (ADASYN(sampling_strategy=0.5), KernelPCA(kernel='poly', n_components=5, n_jobs=30), AdaBoostClassifier(), {'estimator': DecisionTreeClassifier(max_depth=15), 'estimator__criterion': 'gini', 'estimator__max_depth': 15, 'n_estimators': 25}, 0.7907731071672552, 0.80625, 0.6731411862990812)
2023-09-04 23:27:12,086 - p89019: root - [DEBUG]: (ADASYN(sampling_strategy=0.5), KernelPCA(kernel='poly', n_components=5, n_jobs=30), RandomForestClassifier(), {'criterion': 'entropy', 'max_depth': None}, 0.7686870884751232, 0.84375, 0.6920077972709552)
2023-09-04 23:29:29,188 - p89019: root - [DEBUG]: (ADASYN(sampling_strategy=0.5), KernelPCA(kernel='poly', n_components=5, n_jobs=30), BaggingClassifier(), {'estimator': DecisionTreeClassifier(criterion='log_loss'), 'estimator__criterion': 'log_loss', 'estimator__max_depth': None, 'n_estimators': 50}, 0.7849763804706464, 0.8453125, 0.6855680868838763)
2023-09-04 23:29:34,630 - p89019: root - [DEBUG]: (ADASYN(sampling_strategy=0.5), KernelPCA(kernel='poly', n_components=5, n_jobs=30), GradientBoostingClassifier(), {'max_depth': 10, 'n_estimators': 50}, 0.7622164711696391, 0.8453125, 0.6966374269005848)
2023-09-04 23:29:36,218 - p89019: root - [DEBUG]: (ADASYN(sampling_strategy=0.5), KernelPCA(kernel='poly', n_components=5, n_jobs=30), KNeighborsClassifier(), {'n_neighbors': 3}, 0.7494087850114101, 0.7875, 0.6987607908660539)
2023-09-04 23:30:33,967 - p89019: root - [DEBUG]: (ADASYN(sampling_strategy=0.5), KernelPCA(kernel='poly', n_components=3, n_jobs=30), AdaBoostClassifier(), {'estimator': DecisionTreeClassifier(max_depth=10), 'estimator__criterion': 'gini', 'estimator__max_depth': 10, 'n_estimators': 70}, 0.7407637174958939, 0.803125, 0.6749512670565302)
2023-09-04 23:30:36,795 - p89019: root - [DEBUG]: (ADASYN(sampling_strategy=0.5), KernelPCA(kernel='poly', n_components=3, n_jobs=30), RandomForestClassifier(), {'criterion': 'gini', 'max_depth': None}, 0.760210017587465, 0.8265625, 0.6890490114174324)
2023-09-04 23:32:15,071 - p89019: root - [DEBUG]: (ADASYN(sampling_strategy=0.5), KernelPCA(kernel='poly', n_components=3, n_jobs=30), BaggingClassifier(), {'estimator': DecisionTreeClassifier(criterion='entropy'), 'estimator__criterion': 'entropy', 'estimator__max_depth': None, 'n_estimators': 70}, 0.7561088678614515, 0.8140625, 0.6852199944305207)
2023-09-04 23:32:21,054 - p89019: root - [DEBUG]: (ADASYN(sampling_strategy=0.5), KernelPCA(kernel='poly', n_components=3, n_jobs=30), GradientBoostingClassifier(), {'max_depth': 20, 'n_estimators': 70}, 0.7410511926045438, 0.784375, 0.6858117516012254)
2023-09-04 23:32:22,881 - p89019: root - [DEBUG]: (ADASYN(sampling_strategy=0.5), KernelPCA(kernel='poly', n_components=3, n_jobs=30), KNeighborsClassifier(), {'n_neighbors': 3}, 0.7124622160205817, 0.7890625, 0.6923210804789752)
2023-09-04 23:34:14,500 - p89019: root - [DEBUG]: (ADASYN(sampling_strategy=0.5), LocallyLinearEmbedding(n_components=5, n_jobs=30, n_neighbors=10), AdaBoostClassifier(), {'estimator': RandomForestClassifier(criterion='entropy', max_depth=5), 'estimator__criterion': 'entropy', 'estimator__max_depth': 5, 'n_estimators': 25}, 0.6601891742612537, 0.784375, 0.5013227513227513)
2023-09-04 23:34:16,957 - p89019: root - [DEBUG]: (ADASYN(sampling_strategy=0.5), LocallyLinearEmbedding(n_components=5, n_jobs=30, n_neighbors=10), RandomForestClassifier(), {'criterion': 'gini', 'max_depth': 15}, 0.5368327155917964, 0.8125, 0.5219298245614035)
2023-09-04 23:35:51,330 - p89019: root - [DEBUG]: (ADASYN(sampling_strategy=0.5), LocallyLinearEmbedding(n_components=5, n_jobs=30, n_neighbors=10), BaggingClassifier(), {'estimator': DecisionTreeClassifier(max_depth=15), 'estimator__criterion': 'gini', 'estimator__max_depth': 15, 'n_estimators': 10}, 0.5514655590924287, 0.8109375, 0.5099206349206349)
2023-09-04 23:35:56,947 - p89019: root - [DEBUG]: (ADASYN(sampling_strategy=0.5), LocallyLinearEmbedding(n_components=5, n_jobs=30, n_neighbors=10), GradientBoostingClassifier(), {'max_depth': 10, 'n_estimators': 50}, 0.6864336981642175, 0.7640625, 0.5038638262322472)
2023-09-04 23:35:57,996 - p89019: root - [DEBUG]: (ADASYN(sampling_strategy=0.5), LocallyLinearEmbedding(n_components=5, n_jobs=30, n_neighbors=10), KNeighborsClassifier(), {'n_neighbors': 5}, 0.6022143345106761, 0.7453125, 0.5257936507936508)
2023-09-04 23:37:15,354 - p89019: root - [DEBUG]: (ADASYN(), PCA(n_components=5), AdaBoostClassifier(), {'estimator': RandomForestClassifier(criterion='log_loss'), 'estimator__criterion': 'log_loss', 'estimator__max_depth': None, 'n_estimators': 70}, 0.8112173359587584, 0.7671875, 0.6496449456975774)
2023-09-04 23:37:19,114 - p89019: root - [DEBUG]: (ADASYN(), PCA(n_components=5), RandomForestClassifier(), {'criterion': 'log_loss', 'max_depth': None}, 0.8314833585950099, 0.7984375, 0.6463032581453635)
2023-09-04 23:40:17,313 - p89019: root - [DEBUG]: (ADASYN(), PCA(n_components=5), BaggingClassifier(), {'estimator': DecisionTreeClassifier(criterion='log_loss'), 'estimator__criterion': 'log_loss', 'estimator__max_depth': None, 'n_estimators': 70}, 0.8057103654427769, 0.775, 0.6322055137844612)
2023-09-04 23:40:26,256 - p89019: root - [DEBUG]: (ADASYN(), PCA(n_components=5), GradientBoostingClassifier(), {'max_depth': 20, 'n_estimators': 70}, 0.8058840690589312, 0.771875, 0.6192564745196325)
2023-09-04 23:40:26,573 - p89019: root - [DEBUG]: (ADASYN(), PCA(n_components=5), KNeighborsClassifier(), {'n_neighbors': 3}, 0.7907568049629445, 0.7546875, 0.656885268727374)
2023-09-04 23:41:52,248 - p89019: root - [DEBUG]: (ADASYN(), PCA(n_components=3), AdaBoostClassifier(), {'estimator': DecisionTreeClassifier(max_depth=15), 'estimator__criterion': 'gini', 'estimator__max_depth': 15, 'n_estimators': 70}, 0.7718924090575259, 0.7578125, 0.710421888053467)
2023-09-04 23:41:54,364 - p89019: root - [DEBUG]: (ADASYN(), PCA(n_components=3), RandomForestClassifier(), {'criterion': 'gini', 'max_depth': None}, 0.7803945065236008, 0.765625, 0.6892926761347814)
2023-09-04 23:43:49,017 - p89019: root - [DEBUG]: (ADASYN(), PCA(n_components=3), BaggingClassifier(), {'estimator': DecisionTreeClassifier(criterion='log_loss'), 'estimator__criterion': 'log_loss', 'estimator__max_depth': None, 'n_estimators': 25}, 0.7692294877720897, 0.7734375, 0.7271999443052075)
2023-09-04 23:43:54,234 - p89019: root - [DEBUG]: (ADASYN(), PCA(n_components=3), GradientBoostingClassifier(), {'max_depth': 10, 'n_estimators': 70}, 0.761589819284958, 0.765625, 0.7003620161514899)
2023-09-04 23:43:54,563 - p89019: root - [DEBUG]: (ADASYN(), PCA(n_components=3), KNeighborsClassifier(), {'n_neighbors': 2}, 0.7597232656961299, 0.7984375, 0.6721317181843497)
2023-09-04 23:45:14,940 - p89019: root - [DEBUG]: (ADASYN(), KernelPCA(kernel='rbf', n_components=5, n_jobs=30), AdaBoostClassifier(), {'estimator': RandomForestClassifier(criterion='log_loss', max_depth=15), 'estimator__criterion': 'log_loss', 'estimator__max_depth': 15, 'n_estimators': 70}, 0.887180597931288, 0.8390625, 0.6080130882762462)
2023-09-04 23:45:19,394 - p89019: root - [DEBUG]: (ADASYN(), KernelPCA(kernel='rbf', n_components=5, n_jobs=30), RandomForestClassifier(), {'criterion': 'log_loss', 'max_depth': 15}, 0.8839831336604942, 0.8453125, 0.6117724867724869)
2023-09-04 23:47:51,871 - p89019: root - [DEBUG]: (ADASYN(), KernelPCA(kernel='rbf', n_components=5, n_jobs=30), BaggingClassifier(), {'estimator': DecisionTreeClassifier(criterion='log_loss', max_depth=15), 'estimator__criterion': 'log_loss', 'estimator__max_depth': 15, 'n_estimators': 70}, 0.8830187598924363, 0.8421875, 0.6025132275132274)
2023-09-04 23:47:58,313 - p89019: root - [DEBUG]: (ADASYN(), KernelPCA(kernel='rbf', n_components=5, n_jobs=30), GradientBoostingClassifier(), {'max_depth': 10, 'n_estimators': 50}, 0.8758402002096698, 0.8421875, 0.6357212475633528)
2023-09-04 23:48:00,216 - p89019: root - [DEBUG]: (ADASYN(), KernelPCA(kernel='rbf', n_components=5, n_jobs=30), KNeighborsClassifier(), {'n_neighbors': 2}, 0.8808788100545699, 0.8640625, 0.6599484823169034)
2023-09-04 23:48:55,341 - p89019: root - [DEBUG]: (ADASYN(), KernelPCA(kernel='rbf', n_components=3, n_jobs=30), AdaBoostClassifier(), {'estimator': RandomForestClassifier(max_depth=15), 'estimator__criterion': 'gini', 'estimator__max_depth': 15, 'n_estimators': 70}, 0.876980419748224, 0.834375, 0.6162628794207741)
2023-09-04 23:48:58,763 - p89019: root - [DEBUG]: (ADASYN(), KernelPCA(kernel='rbf', n_components=3, n_jobs=30), RandomForestClassifier(), {'criterion': 'entropy', 'max_depth': None}, 0.8794402937255577, 0.8390625, 0.6227722082985241)
2023-09-04 23:50:46,483 - p89019: root - [DEBUG]: (ADASYN(), KernelPCA(kernel='rbf', n_components=3, n_jobs=30), BaggingClassifier(), {'estimator': DecisionTreeClassifier(criterion='log_loss', max_depth=15), 'estimator__criterion': 'log_loss', 'estimator__max_depth': 15, 'n_estimators': 70}, 0.874121788431272, 0.8328125, 0.5858047897521582)
2023-09-04 23:50:52,147 - p89019: root - [DEBUG]: (ADASYN(), KernelPCA(kernel='rbf', n_components=3, n_jobs=30), GradientBoostingClassifier(), {'max_depth': 10, 'n_estimators': 70}, 0.8625986355558941, 0.8140625, 0.5966652742968532)
2023-09-04 23:50:54,313 - p89019: root - [DEBUG]: (ADASYN(), KernelPCA(kernel='rbf', n_components=3, n_jobs=30), KNeighborsClassifier(), {'n_neighbors': 2}, 0.8747386460168505, 0.8390625, 0.6117028682818157)
2023-09-04 23:52:27,460 - p89019: root - [DEBUG]: (ADASYN(), KernelPCA(kernel='poly', n_components=5, n_jobs=30), AdaBoostClassifier(), {'estimator': DecisionTreeClassifier(criterion='entropy', max_depth=15), 'estimator__criterion': 'entropy', 'estimator__max_depth': 15, 'n_estimators': 70}, 0.8239692636324648, 0.8265625, 0.7001183514341409)
2023-09-04 23:52:32,585 - p89019: root - [DEBUG]: (ADASYN(), KernelPCA(kernel='poly', n_components=5, n_jobs=30), RandomForestClassifier(), {'criterion': 'log_loss', 'max_depth': None}, 0.8076597360542855, 0.8078125, 0.7072890559732665)
2023-09-04 23:55:24,052 - p89019: root - [DEBUG]: (ADASYN(), KernelPCA(kernel='poly', n_components=5, n_jobs=30), BaggingClassifier(), {'estimator': DecisionTreeClassifier(criterion='log_loss'), 'estimator__criterion': 'log_loss', 'estimator__max_depth': None, 'n_estimators': 50}, 0.8046921911039491, 0.8125, 0.6916597048175995)
2023-09-04 23:55:30,675 - p89019: root - [DEBUG]: (ADASYN(), KernelPCA(kernel='poly', n_components=5, n_jobs=30), GradientBoostingClassifier(), {'max_depth': 20, 'n_estimators': 25}, 0.7905094110725197, 0.78125, 0.6839320523531051)
2023-09-04 23:55:32,573 - p89019: root - [DEBUG]: (ADASYN(), KernelPCA(kernel='poly', n_components=5, n_jobs=30), KNeighborsClassifier(), {'n_neighbors': 3}, 0.7769682907286034, 0.74375, 0.7019632414369257)
